null
Started analysis of ERR3473485_paired_1.fastq
Approx 5% complete for ERR3473485_paired_1.fastq
Approx 10% complete for ERR3473485_paired_1.fastq
Approx 15% complete for ERR3473485_paired_1.fastq
Approx 20% complete for ERR3473485_paired_1.fastq
Approx 25% complete for ERR3473485_paired_1.fastq
Approx 30% complete for ERR3473485_paired_1.fastq
Approx 35% complete for ERR3473485_paired_1.fastq
Approx 40% complete for ERR3473485_paired_1.fastq
Approx 45% complete for ERR3473485_paired_1.fastq
Approx 50% complete for ERR3473485_paired_1.fastq
Approx 55% complete for ERR3473485_paired_1.fastq
Approx 60% complete for ERR3473485_paired_1.fastq
Approx 65% complete for ERR3473485_paired_1.fastq
Approx 70% complete for ERR3473485_paired_1.fastq
Approx 75% complete for ERR3473485_paired_1.fastq
Approx 80% complete for ERR3473485_paired_1.fastq
Approx 85% complete for ERR3473485_paired_1.fastq
Approx 90% complete for ERR3473485_paired_1.fastq
Approx 95% complete for ERR3473485_paired_1.fastq
Analysis complete for ERR3473485_paired_1.fastq
null
Started analysis of ERR3473485_paired_2.fastq
Approx 5% complete for ERR3473485_paired_2.fastq
Approx 10% complete for ERR3473485_paired_2.fastq
Approx 15% complete for ERR3473485_paired_2.fastq
Approx 20% complete for ERR3473485_paired_2.fastq
Approx 25% complete for ERR3473485_paired_2.fastq
Approx 30% complete for ERR3473485_paired_2.fastq
Approx 35% complete for ERR3473485_paired_2.fastq
Approx 40% complete for ERR3473485_paired_2.fastq
Approx 45% complete for ERR3473485_paired_2.fastq
Approx 50% complete for ERR3473485_paired_2.fastq
Approx 55% complete for ERR3473485_paired_2.fastq
Approx 60% complete for ERR3473485_paired_2.fastq
Approx 65% complete for ERR3473485_paired_2.fastq
Approx 70% complete for ERR3473485_paired_2.fastq
Approx 75% complete for ERR3473485_paired_2.fastq
Approx 80% complete for ERR3473485_paired_2.fastq
Approx 85% complete for ERR3473485_paired_2.fastq
Approx 90% complete for ERR3473485_paired_2.fastq
Approx 95% complete for ERR3473485_paired_2.fastq
Analysis complete for ERR3473485_paired_2.fastq
null
Started analysis of ERR3473486_paired_1.fastq
Approx 5% complete for ERR3473486_paired_1.fastq
Approx 10% complete for ERR3473486_paired_1.fastq
Approx 15% complete for ERR3473486_paired_1.fastq
Approx 20% complete for ERR3473486_paired_1.fastq
Approx 25% complete for ERR3473486_paired_1.fastq
Approx 30% complete for ERR3473486_paired_1.fastq
Approx 35% complete for ERR3473486_paired_1.fastq
Approx 40% complete for ERR3473486_paired_1.fastq
Approx 45% complete for ERR3473486_paired_1.fastq
Approx 50% complete for ERR3473486_paired_1.fastq
Approx 55% complete for ERR3473486_paired_1.fastq
Approx 60% complete for ERR3473486_paired_1.fastq
Approx 65% complete for ERR3473486_paired_1.fastq
Approx 70% complete for ERR3473486_paired_1.fastq
Approx 75% complete for ERR3473486_paired_1.fastq
Approx 80% complete for ERR3473486_paired_1.fastq
Approx 85% complete for ERR3473486_paired_1.fastq
Approx 90% complete for ERR3473486_paired_1.fastq
Approx 95% complete for ERR3473486_paired_1.fastq
Analysis complete for ERR3473486_paired_1.fastq
null
Started analysis of ERR3473486_paired_2.fastq
Approx 5% complete for ERR3473486_paired_2.fastq
Approx 10% complete for ERR3473486_paired_2.fastq
Approx 15% complete for ERR3473486_paired_2.fastq
Approx 20% complete for ERR3473486_paired_2.fastq
Approx 25% complete for ERR3473486_paired_2.fastq
Approx 30% complete for ERR3473486_paired_2.fastq
Approx 35% complete for ERR3473486_paired_2.fastq
Approx 40% complete for ERR3473486_paired_2.fastq
Approx 45% complete for ERR3473486_paired_2.fastq
Approx 50% complete for ERR3473486_paired_2.fastq
Approx 55% complete for ERR3473486_paired_2.fastq
Approx 60% complete for ERR3473486_paired_2.fastq
Approx 65% complete for ERR3473486_paired_2.fastq
Approx 70% complete for ERR3473486_paired_2.fastq
Approx 75% complete for ERR3473486_paired_2.fastq
Approx 80% complete for ERR3473486_paired_2.fastq
Approx 85% complete for ERR3473486_paired_2.fastq
Approx 90% complete for ERR3473486_paired_2.fastq
Approx 95% complete for ERR3473486_paired_2.fastq
Analysis complete for ERR3473486_paired_2.fastq
null
Started analysis of ERR3473500_paired_1.fastq
Approx 5% complete for ERR3473500_paired_1.fastq
Approx 10% complete for ERR3473500_paired_1.fastq
Approx 15% complete for ERR3473500_paired_1.fastq
Approx 20% complete for ERR3473500_paired_1.fastq
Approx 25% complete for ERR3473500_paired_1.fastq
Approx 30% complete for ERR3473500_paired_1.fastq
Approx 35% complete for ERR3473500_paired_1.fastq
Approx 40% complete for ERR3473500_paired_1.fastq
Approx 45% complete for ERR3473500_paired_1.fastq
Approx 50% complete for ERR3473500_paired_1.fastq
Approx 55% complete for ERR3473500_paired_1.fastq
Approx 60% complete for ERR3473500_paired_1.fastq
Approx 65% complete for ERR3473500_paired_1.fastq
Approx 70% complete for ERR3473500_paired_1.fastq
Approx 75% complete for ERR3473500_paired_1.fastq
Approx 80% complete for ERR3473500_paired_1.fastq
Approx 85% complete for ERR3473500_paired_1.fastq
Approx 90% complete for ERR3473500_paired_1.fastq
Approx 95% complete for ERR3473500_paired_1.fastq
Analysis complete for ERR3473500_paired_1.fastq
null
Started analysis of ERR3473500_paired_2.fastq
Approx 5% complete for ERR3473500_paired_2.fastq
Approx 10% complete for ERR3473500_paired_2.fastq
Approx 15% complete for ERR3473500_paired_2.fastq
Approx 20% complete for ERR3473500_paired_2.fastq
Approx 25% complete for ERR3473500_paired_2.fastq
Approx 30% complete for ERR3473500_paired_2.fastq
Approx 35% complete for ERR3473500_paired_2.fastq
Approx 40% complete for ERR3473500_paired_2.fastq
Approx 45% complete for ERR3473500_paired_2.fastq
Approx 50% complete for ERR3473500_paired_2.fastq
Approx 55% complete for ERR3473500_paired_2.fastq
Approx 60% complete for ERR3473500_paired_2.fastq
Approx 65% complete for ERR3473500_paired_2.fastq
Approx 70% complete for ERR3473500_paired_2.fastq
Approx 75% complete for ERR3473500_paired_2.fastq
Approx 80% complete for ERR3473500_paired_2.fastq
Approx 85% complete for ERR3473500_paired_2.fastq
Approx 90% complete for ERR3473500_paired_2.fastq
Approx 95% complete for ERR3473500_paired_2.fastq
Analysis complete for ERR3473500_paired_2.fastq
null
Started analysis of ERR3473501_paired_1.fastq
Approx 5% complete for ERR3473501_paired_1.fastq
Approx 10% complete for ERR3473501_paired_1.fastq
Approx 15% complete for ERR3473501_paired_1.fastq
Approx 20% complete for ERR3473501_paired_1.fastq
Approx 25% complete for ERR3473501_paired_1.fastq
Approx 30% complete for ERR3473501_paired_1.fastq
Approx 35% complete for ERR3473501_paired_1.fastq
Approx 40% complete for ERR3473501_paired_1.fastq
Approx 45% complete for ERR3473501_paired_1.fastq
Approx 50% complete for ERR3473501_paired_1.fastq
Approx 55% complete for ERR3473501_paired_1.fastq
Approx 60% complete for ERR3473501_paired_1.fastq
Approx 65% complete for ERR3473501_paired_1.fastq
Approx 70% complete for ERR3473501_paired_1.fastq
Approx 75% complete for ERR3473501_paired_1.fastq
Approx 80% complete for ERR3473501_paired_1.fastq
Approx 85% complete for ERR3473501_paired_1.fastq
Approx 90% complete for ERR3473501_paired_1.fastq
Approx 95% complete for ERR3473501_paired_1.fastq
Analysis complete for ERR3473501_paired_1.fastq
null
Started analysis of ERR3473501_paired_2.fastq
Approx 5% complete for ERR3473501_paired_2.fastq
Approx 10% complete for ERR3473501_paired_2.fastq
Approx 15% complete for ERR3473501_paired_2.fastq
Approx 20% complete for ERR3473501_paired_2.fastq
Approx 25% complete for ERR3473501_paired_2.fastq
Approx 30% complete for ERR3473501_paired_2.fastq
Approx 35% complete for ERR3473501_paired_2.fastq
Approx 40% complete for ERR3473501_paired_2.fastq
Approx 45% complete for ERR3473501_paired_2.fastq
Approx 50% complete for ERR3473501_paired_2.fastq
Approx 55% complete for ERR3473501_paired_2.fastq
Approx 60% complete for ERR3473501_paired_2.fastq
Approx 65% complete for ERR3473501_paired_2.fastq
Approx 70% complete for ERR3473501_paired_2.fastq
Approx 75% complete for ERR3473501_paired_2.fastq
Approx 80% complete for ERR3473501_paired_2.fastq
Approx 85% complete for ERR3473501_paired_2.fastq
Approx 90% complete for ERR3473501_paired_2.fastq
Approx 95% complete for ERR3473501_paired_2.fastq
Analysis complete for ERR3473501_paired_2.fastq
null
Started analysis of ERR3473502_paired_1.fastq
Approx 5% complete for ERR3473502_paired_1.fastq
Approx 10% complete for ERR3473502_paired_1.fastq
Approx 15% complete for ERR3473502_paired_1.fastq
Approx 20% complete for ERR3473502_paired_1.fastq
Approx 25% complete for ERR3473502_paired_1.fastq
Approx 30% complete for ERR3473502_paired_1.fastq
Approx 35% complete for ERR3473502_paired_1.fastq
Approx 40% complete for ERR3473502_paired_1.fastq
Approx 45% complete for ERR3473502_paired_1.fastq
Approx 50% complete for ERR3473502_paired_1.fastq
Approx 55% complete for ERR3473502_paired_1.fastq
Approx 60% complete for ERR3473502_paired_1.fastq
Approx 65% complete for ERR3473502_paired_1.fastq
Approx 70% complete for ERR3473502_paired_1.fastq
Approx 75% complete for ERR3473502_paired_1.fastq
Approx 80% complete for ERR3473502_paired_1.fastq
Approx 85% complete for ERR3473502_paired_1.fastq
Approx 90% complete for ERR3473502_paired_1.fastq
Approx 95% complete for ERR3473502_paired_1.fastq
Analysis complete for ERR3473502_paired_1.fastq
null
Started analysis of ERR3473502_paired_2.fastq
Approx 5% complete for ERR3473502_paired_2.fastq
Approx 10% complete for ERR3473502_paired_2.fastq
Approx 15% complete for ERR3473502_paired_2.fastq
Approx 20% complete for ERR3473502_paired_2.fastq
Approx 25% complete for ERR3473502_paired_2.fastq
Approx 30% complete for ERR3473502_paired_2.fastq
Approx 35% complete for ERR3473502_paired_2.fastq
Approx 40% complete for ERR3473502_paired_2.fastq
Approx 45% complete for ERR3473502_paired_2.fastq
Approx 50% complete for ERR3473502_paired_2.fastq
Approx 55% complete for ERR3473502_paired_2.fastq
Approx 60% complete for ERR3473502_paired_2.fastq
Approx 65% complete for ERR3473502_paired_2.fastq
Approx 70% complete for ERR3473502_paired_2.fastq
Approx 75% complete for ERR3473502_paired_2.fastq
Approx 80% complete for ERR3473502_paired_2.fastq
Approx 85% complete for ERR3473502_paired_2.fastq
Approx 90% complete for ERR3473502_paired_2.fastq
Approx 95% complete for ERR3473502_paired_2.fastq
Analysis complete for ERR3473502_paired_2.fastq
null
Started analysis of ERR3473505_paired_1.fastq
Approx 5% complete for ERR3473505_paired_1.fastq
Approx 10% complete for ERR3473505_paired_1.fastq
Approx 15% complete for ERR3473505_paired_1.fastq
Approx 20% complete for ERR3473505_paired_1.fastq
Approx 25% complete for ERR3473505_paired_1.fastq
Approx 30% complete for ERR3473505_paired_1.fastq
Approx 35% complete for ERR3473505_paired_1.fastq
Approx 40% complete for ERR3473505_paired_1.fastq
Approx 45% complete for ERR3473505_paired_1.fastq
Approx 50% complete for ERR3473505_paired_1.fastq
Approx 55% complete for ERR3473505_paired_1.fastq
Approx 60% complete for ERR3473505_paired_1.fastq
Approx 65% complete for ERR3473505_paired_1.fastq
Approx 70% complete for ERR3473505_paired_1.fastq
Approx 75% complete for ERR3473505_paired_1.fastq
Approx 80% complete for ERR3473505_paired_1.fastq
Approx 85% complete for ERR3473505_paired_1.fastq
Approx 90% complete for ERR3473505_paired_1.fastq
Approx 95% complete for ERR3473505_paired_1.fastq
Analysis complete for ERR3473505_paired_1.fastq
null
Started analysis of ERR3473505_paired_2.fastq
Approx 5% complete for ERR3473505_paired_2.fastq
Approx 10% complete for ERR3473505_paired_2.fastq
Approx 15% complete for ERR3473505_paired_2.fastq
Approx 20% complete for ERR3473505_paired_2.fastq
Approx 25% complete for ERR3473505_paired_2.fastq
Approx 30% complete for ERR3473505_paired_2.fastq
Approx 35% complete for ERR3473505_paired_2.fastq
Approx 40% complete for ERR3473505_paired_2.fastq
Approx 45% complete for ERR3473505_paired_2.fastq
Approx 50% complete for ERR3473505_paired_2.fastq
Approx 55% complete for ERR3473505_paired_2.fastq
Approx 60% complete for ERR3473505_paired_2.fastq
Approx 65% complete for ERR3473505_paired_2.fastq
Approx 70% complete for ERR3473505_paired_2.fastq
Approx 75% complete for ERR3473505_paired_2.fastq
Approx 80% complete for ERR3473505_paired_2.fastq
Approx 85% complete for ERR3473505_paired_2.fastq
Approx 90% complete for ERR3473505_paired_2.fastq
Approx 95% complete for ERR3473505_paired_2.fastq
Analysis complete for ERR3473505_paired_2.fastq
null
Started analysis of ERR3473506_paired_1.fastq
Approx 5% complete for ERR3473506_paired_1.fastq
Approx 10% complete for ERR3473506_paired_1.fastq
Approx 15% complete for ERR3473506_paired_1.fastq
Approx 20% complete for ERR3473506_paired_1.fastq
Approx 25% complete for ERR3473506_paired_1.fastq
Approx 30% complete for ERR3473506_paired_1.fastq
Approx 35% complete for ERR3473506_paired_1.fastq
Approx 40% complete for ERR3473506_paired_1.fastq
Approx 45% complete for ERR3473506_paired_1.fastq
Approx 50% complete for ERR3473506_paired_1.fastq
Approx 55% complete for ERR3473506_paired_1.fastq
Approx 60% complete for ERR3473506_paired_1.fastq
Approx 65% complete for ERR3473506_paired_1.fastq
Approx 70% complete for ERR3473506_paired_1.fastq
Approx 75% complete for ERR3473506_paired_1.fastq
Approx 80% complete for ERR3473506_paired_1.fastq
Approx 85% complete for ERR3473506_paired_1.fastq
Approx 90% complete for ERR3473506_paired_1.fastq
Approx 95% complete for ERR3473506_paired_1.fastq
Analysis complete for ERR3473506_paired_1.fastq
null
Started analysis of ERR3473506_paired_2.fastq
Approx 5% complete for ERR3473506_paired_2.fastq
Approx 10% complete for ERR3473506_paired_2.fastq
Approx 15% complete for ERR3473506_paired_2.fastq
Approx 20% complete for ERR3473506_paired_2.fastq
Approx 25% complete for ERR3473506_paired_2.fastq
Approx 30% complete for ERR3473506_paired_2.fastq
Approx 35% complete for ERR3473506_paired_2.fastq
Approx 40% complete for ERR3473506_paired_2.fastq
Approx 45% complete for ERR3473506_paired_2.fastq
Approx 50% complete for ERR3473506_paired_2.fastq
Approx 55% complete for ERR3473506_paired_2.fastq
Approx 60% complete for ERR3473506_paired_2.fastq
Approx 65% complete for ERR3473506_paired_2.fastq
Approx 70% complete for ERR3473506_paired_2.fastq
Approx 75% complete for ERR3473506_paired_2.fastq
Approx 80% complete for ERR3473506_paired_2.fastq
Approx 85% complete for ERR3473506_paired_2.fastq
Approx 90% complete for ERR3473506_paired_2.fastq
Approx 95% complete for ERR3473506_paired_2.fastq
Analysis complete for ERR3473506_paired_2.fastq
null
Started analysis of ERR9814089_paired_1.fastq
Approx 5% complete for ERR9814089_paired_1.fastq
Approx 10% complete for ERR9814089_paired_1.fastq
Approx 15% complete for ERR9814089_paired_1.fastq
Approx 20% complete for ERR9814089_paired_1.fastq
Approx 25% complete for ERR9814089_paired_1.fastq
Approx 30% complete for ERR9814089_paired_1.fastq
Approx 35% complete for ERR9814089_paired_1.fastq
Approx 40% complete for ERR9814089_paired_1.fastq
Approx 45% complete for ERR9814089_paired_1.fastq
Approx 50% complete for ERR9814089_paired_1.fastq
Approx 55% complete for ERR9814089_paired_1.fastq
Approx 60% complete for ERR9814089_paired_1.fastq
Approx 65% complete for ERR9814089_paired_1.fastq
Approx 70% complete for ERR9814089_paired_1.fastq
Approx 75% complete for ERR9814089_paired_1.fastq
Approx 80% complete for ERR9814089_paired_1.fastq
Approx 85% complete for ERR9814089_paired_1.fastq
Approx 90% complete for ERR9814089_paired_1.fastq
Approx 95% complete for ERR9814089_paired_1.fastq
Analysis complete for ERR9814089_paired_1.fastq
null
Started analysis of ERR9814089_paired_2.fastq
Approx 5% complete for ERR9814089_paired_2.fastq
Approx 10% complete for ERR9814089_paired_2.fastq
Approx 15% complete for ERR9814089_paired_2.fastq
Approx 20% complete for ERR9814089_paired_2.fastq
Approx 25% complete for ERR9814089_paired_2.fastq
Approx 30% complete for ERR9814089_paired_2.fastq
Approx 35% complete for ERR9814089_paired_2.fastq
Approx 40% complete for ERR9814089_paired_2.fastq
Approx 45% complete for ERR9814089_paired_2.fastq
Approx 50% complete for ERR9814089_paired_2.fastq
Approx 55% complete for ERR9814089_paired_2.fastq
Approx 60% complete for ERR9814089_paired_2.fastq
Approx 65% complete for ERR9814089_paired_2.fastq
Approx 70% complete for ERR9814089_paired_2.fastq
Approx 75% complete for ERR9814089_paired_2.fastq
Approx 80% complete for ERR9814089_paired_2.fastq
Approx 85% complete for ERR9814089_paired_2.fastq
Approx 90% complete for ERR9814089_paired_2.fastq
Approx 95% complete for ERR9814089_paired_2.fastq
Analysis complete for ERR9814089_paired_2.fastq
null
Started analysis of ERR9814090_paired_1.fastq
Approx 5% complete for ERR9814090_paired_1.fastq
Approx 10% complete for ERR9814090_paired_1.fastq
Approx 15% complete for ERR9814090_paired_1.fastq
Approx 20% complete for ERR9814090_paired_1.fastq
Approx 25% complete for ERR9814090_paired_1.fastq
Approx 30% complete for ERR9814090_paired_1.fastq
Approx 35% complete for ERR9814090_paired_1.fastq
Approx 40% complete for ERR9814090_paired_1.fastq
Approx 45% complete for ERR9814090_paired_1.fastq
Approx 50% complete for ERR9814090_paired_1.fastq
Approx 55% complete for ERR9814090_paired_1.fastq
Approx 60% complete for ERR9814090_paired_1.fastq
Approx 65% complete for ERR9814090_paired_1.fastq
Approx 70% complete for ERR9814090_paired_1.fastq
Approx 75% complete for ERR9814090_paired_1.fastq
Approx 80% complete for ERR9814090_paired_1.fastq
Approx 85% complete for ERR9814090_paired_1.fastq
Approx 90% complete for ERR9814090_paired_1.fastq
Approx 95% complete for ERR9814090_paired_1.fastq
Analysis complete for ERR9814090_paired_1.fastq
null
Started analysis of ERR9814090_paired_2.fastq
Approx 5% complete for ERR9814090_paired_2.fastq
Approx 10% complete for ERR9814090_paired_2.fastq
Approx 15% complete for ERR9814090_paired_2.fastq
Approx 20% complete for ERR9814090_paired_2.fastq
Approx 25% complete for ERR9814090_paired_2.fastq
Approx 30% complete for ERR9814090_paired_2.fastq
Approx 35% complete for ERR9814090_paired_2.fastq
Approx 40% complete for ERR9814090_paired_2.fastq
Approx 45% complete for ERR9814090_paired_2.fastq
Approx 50% complete for ERR9814090_paired_2.fastq
Approx 55% complete for ERR9814090_paired_2.fastq
Approx 60% complete for ERR9814090_paired_2.fastq
Approx 65% complete for ERR9814090_paired_2.fastq
Approx 70% complete for ERR9814090_paired_2.fastq
Approx 75% complete for ERR9814090_paired_2.fastq
Approx 80% complete for ERR9814090_paired_2.fastq
Approx 85% complete for ERR9814090_paired_2.fastq
Approx 90% complete for ERR9814090_paired_2.fastq
Approx 95% complete for ERR9814090_paired_2.fastq
Analysis complete for ERR9814090_paired_2.fastq
null
Started analysis of ERR9814103_paired_1.fastq
Approx 5% complete for ERR9814103_paired_1.fastq
Approx 10% complete for ERR9814103_paired_1.fastq
Approx 15% complete for ERR9814103_paired_1.fastq
Approx 20% complete for ERR9814103_paired_1.fastq
Approx 25% complete for ERR9814103_paired_1.fastq
Approx 30% complete for ERR9814103_paired_1.fastq
Approx 35% complete for ERR9814103_paired_1.fastq
Approx 40% complete for ERR9814103_paired_1.fastq
Approx 45% complete for ERR9814103_paired_1.fastq
Approx 50% complete for ERR9814103_paired_1.fastq
Approx 55% complete for ERR9814103_paired_1.fastq
Approx 60% complete for ERR9814103_paired_1.fastq
Approx 65% complete for ERR9814103_paired_1.fastq
Approx 70% complete for ERR9814103_paired_1.fastq
Approx 75% complete for ERR9814103_paired_1.fastq
Approx 80% complete for ERR9814103_paired_1.fastq
Approx 85% complete for ERR9814103_paired_1.fastq
Approx 90% complete for ERR9814103_paired_1.fastq
Approx 95% complete for ERR9814103_paired_1.fastq
Analysis complete for ERR9814103_paired_1.fastq
null
Started analysis of ERR9814103_paired_2.fastq
Approx 5% complete for ERR9814103_paired_2.fastq
Approx 10% complete for ERR9814103_paired_2.fastq
Approx 15% complete for ERR9814103_paired_2.fastq
Approx 20% complete for ERR9814103_paired_2.fastq
Approx 25% complete for ERR9814103_paired_2.fastq
Approx 30% complete for ERR9814103_paired_2.fastq
Approx 35% complete for ERR9814103_paired_2.fastq
Approx 40% complete for ERR9814103_paired_2.fastq
Approx 45% complete for ERR9814103_paired_2.fastq
Approx 50% complete for ERR9814103_paired_2.fastq
Approx 55% complete for ERR9814103_paired_2.fastq
Approx 60% complete for ERR9814103_paired_2.fastq
Approx 65% complete for ERR9814103_paired_2.fastq
Approx 70% complete for ERR9814103_paired_2.fastq
Approx 75% complete for ERR9814103_paired_2.fastq
Approx 80% complete for ERR9814103_paired_2.fastq
Approx 85% complete for ERR9814103_paired_2.fastq
Approx 90% complete for ERR9814103_paired_2.fastq
Approx 95% complete for ERR9814103_paired_2.fastq
Analysis complete for ERR9814103_paired_2.fastq
null
Started analysis of ERR9814104_paired_1.fastq
Approx 5% complete for ERR9814104_paired_1.fastq
Approx 10% complete for ERR9814104_paired_1.fastq
Approx 15% complete for ERR9814104_paired_1.fastq
Approx 20% complete for ERR9814104_paired_1.fastq
Approx 25% complete for ERR9814104_paired_1.fastq
Approx 30% complete for ERR9814104_paired_1.fastq
Approx 35% complete for ERR9814104_paired_1.fastq
Approx 40% complete for ERR9814104_paired_1.fastq
Approx 45% complete for ERR9814104_paired_1.fastq
Approx 50% complete for ERR9814104_paired_1.fastq
Approx 55% complete for ERR9814104_paired_1.fastq
Approx 60% complete for ERR9814104_paired_1.fastq
Approx 65% complete for ERR9814104_paired_1.fastq
Approx 70% complete for ERR9814104_paired_1.fastq
Approx 75% complete for ERR9814104_paired_1.fastq
Approx 80% complete for ERR9814104_paired_1.fastq
Approx 85% complete for ERR9814104_paired_1.fastq
Approx 90% complete for ERR9814104_paired_1.fastq
Approx 95% complete for ERR9814104_paired_1.fastq
Analysis complete for ERR9814104_paired_1.fastq
null
Started analysis of ERR9814104_paired_2.fastq
Approx 5% complete for ERR9814104_paired_2.fastq
Approx 10% complete for ERR9814104_paired_2.fastq
Approx 15% complete for ERR9814104_paired_2.fastq
Approx 20% complete for ERR9814104_paired_2.fastq
Approx 25% complete for ERR9814104_paired_2.fastq
Approx 30% complete for ERR9814104_paired_2.fastq
Approx 35% complete for ERR9814104_paired_2.fastq
Approx 40% complete for ERR9814104_paired_2.fastq
Approx 45% complete for ERR9814104_paired_2.fastq
Approx 50% complete for ERR9814104_paired_2.fastq
Approx 55% complete for ERR9814104_paired_2.fastq
Approx 60% complete for ERR9814104_paired_2.fastq
Approx 65% complete for ERR9814104_paired_2.fastq
Approx 70% complete for ERR9814104_paired_2.fastq
Approx 75% complete for ERR9814104_paired_2.fastq
Approx 80% complete for ERR9814104_paired_2.fastq
Approx 85% complete for ERR9814104_paired_2.fastq
Approx 90% complete for ERR9814104_paired_2.fastq
Approx 95% complete for ERR9814104_paired_2.fastq
Analysis complete for ERR9814104_paired_2.fastq
null
Started analysis of ERR9814109_paired_1.fastq
Approx 5% complete for ERR9814109_paired_1.fastq
Approx 10% complete for ERR9814109_paired_1.fastq
Approx 15% complete for ERR9814109_paired_1.fastq
Approx 20% complete for ERR9814109_paired_1.fastq
Approx 25% complete for ERR9814109_paired_1.fastq
Approx 30% complete for ERR9814109_paired_1.fastq
Approx 35% complete for ERR9814109_paired_1.fastq
Approx 40% complete for ERR9814109_paired_1.fastq
Approx 45% complete for ERR9814109_paired_1.fastq
Approx 50% complete for ERR9814109_paired_1.fastq
Approx 55% complete for ERR9814109_paired_1.fastq
Approx 60% complete for ERR9814109_paired_1.fastq
Approx 65% complete for ERR9814109_paired_1.fastq
Approx 70% complete for ERR9814109_paired_1.fastq
Approx 75% complete for ERR9814109_paired_1.fastq
Approx 80% complete for ERR9814109_paired_1.fastq
Approx 85% complete for ERR9814109_paired_1.fastq
Approx 90% complete for ERR9814109_paired_1.fastq
Approx 95% complete for ERR9814109_paired_1.fastq
Analysis complete for ERR9814109_paired_1.fastq
null
Started analysis of ERR9814109_paired_2.fastq
Approx 5% complete for ERR9814109_paired_2.fastq
Approx 10% complete for ERR9814109_paired_2.fastq
Approx 15% complete for ERR9814109_paired_2.fastq
Approx 20% complete for ERR9814109_paired_2.fastq
Approx 25% complete for ERR9814109_paired_2.fastq
Approx 30% complete for ERR9814109_paired_2.fastq
Approx 35% complete for ERR9814109_paired_2.fastq
Approx 40% complete for ERR9814109_paired_2.fastq
Approx 45% complete for ERR9814109_paired_2.fastq
Approx 50% complete for ERR9814109_paired_2.fastq
Approx 55% complete for ERR9814109_paired_2.fastq
Approx 60% complete for ERR9814109_paired_2.fastq
Approx 65% complete for ERR9814109_paired_2.fastq
Approx 70% complete for ERR9814109_paired_2.fastq
Approx 75% complete for ERR9814109_paired_2.fastq
Approx 80% complete for ERR9814109_paired_2.fastq
Approx 85% complete for ERR9814109_paired_2.fastq
Approx 90% complete for ERR9814109_paired_2.fastq
Approx 95% complete for ERR9814109_paired_2.fastq
Analysis complete for ERR9814109_paired_2.fastq
null
Started analysis of ERR9814110_paired_1.fastq
Approx 5% complete for ERR9814110_paired_1.fastq
Approx 10% complete for ERR9814110_paired_1.fastq
Approx 15% complete for ERR9814110_paired_1.fastq
Approx 20% complete for ERR9814110_paired_1.fastq
Approx 25% complete for ERR9814110_paired_1.fastq
Approx 30% complete for ERR9814110_paired_1.fastq
Approx 35% complete for ERR9814110_paired_1.fastq
Approx 40% complete for ERR9814110_paired_1.fastq
Approx 45% complete for ERR9814110_paired_1.fastq
Approx 50% complete for ERR9814110_paired_1.fastq
Approx 55% complete for ERR9814110_paired_1.fastq
Approx 60% complete for ERR9814110_paired_1.fastq
Approx 65% complete for ERR9814110_paired_1.fastq
Approx 70% complete for ERR9814110_paired_1.fastq
Approx 75% complete for ERR9814110_paired_1.fastq
Approx 80% complete for ERR9814110_paired_1.fastq
Approx 85% complete for ERR9814110_paired_1.fastq
Approx 90% complete for ERR9814110_paired_1.fastq
Approx 95% complete for ERR9814110_paired_1.fastq
Analysis complete for ERR9814110_paired_1.fastq
null
Started analysis of ERR9814110_paired_2.fastq
Approx 5% complete for ERR9814110_paired_2.fastq
Approx 10% complete for ERR9814110_paired_2.fastq
Approx 15% complete for ERR9814110_paired_2.fastq
Approx 20% complete for ERR9814110_paired_2.fastq
Approx 25% complete for ERR9814110_paired_2.fastq
Approx 30% complete for ERR9814110_paired_2.fastq
Approx 35% complete for ERR9814110_paired_2.fastq
Approx 40% complete for ERR9814110_paired_2.fastq
Approx 45% complete for ERR9814110_paired_2.fastq
Approx 50% complete for ERR9814110_paired_2.fastq
Approx 55% complete for ERR9814110_paired_2.fastq
Approx 60% complete for ERR9814110_paired_2.fastq
Approx 65% complete for ERR9814110_paired_2.fastq
Approx 70% complete for ERR9814110_paired_2.fastq
Approx 75% complete for ERR9814110_paired_2.fastq
Approx 80% complete for ERR9814110_paired_2.fastq
Approx 85% complete for ERR9814110_paired_2.fastq
Approx 90% complete for ERR9814110_paired_2.fastq
Approx 95% complete for ERR9814110_paired_2.fastq
Analysis complete for ERR9814110_paired_2.fastq
null
Started analysis of ERR9814115_paired_1.fastq
Approx 5% complete for ERR9814115_paired_1.fastq
Approx 10% complete for ERR9814115_paired_1.fastq
Approx 15% complete for ERR9814115_paired_1.fastq
Approx 20% complete for ERR9814115_paired_1.fastq
Approx 25% complete for ERR9814115_paired_1.fastq
Approx 30% complete for ERR9814115_paired_1.fastq
Approx 35% complete for ERR9814115_paired_1.fastq
Approx 40% complete for ERR9814115_paired_1.fastq
Approx 45% complete for ERR9814115_paired_1.fastq
Approx 50% complete for ERR9814115_paired_1.fastq
Approx 55% complete for ERR9814115_paired_1.fastq
Approx 60% complete for ERR9814115_paired_1.fastq
Approx 65% complete for ERR9814115_paired_1.fastq
Approx 70% complete for ERR9814115_paired_1.fastq
Approx 75% complete for ERR9814115_paired_1.fastq
Approx 80% complete for ERR9814115_paired_1.fastq
Approx 85% complete for ERR9814115_paired_1.fastq
Approx 90% complete for ERR9814115_paired_1.fastq
Approx 95% complete for ERR9814115_paired_1.fastq
Analysis complete for ERR9814115_paired_1.fastq
null
Started analysis of ERR9814115_paired_2.fastq
Approx 5% complete for ERR9814115_paired_2.fastq
Approx 10% complete for ERR9814115_paired_2.fastq
Approx 15% complete for ERR9814115_paired_2.fastq
Approx 20% complete for ERR9814115_paired_2.fastq
Approx 25% complete for ERR9814115_paired_2.fastq
Approx 30% complete for ERR9814115_paired_2.fastq
Approx 35% complete for ERR9814115_paired_2.fastq
Approx 40% complete for ERR9814115_paired_2.fastq
Approx 45% complete for ERR9814115_paired_2.fastq
Approx 50% complete for ERR9814115_paired_2.fastq
Approx 55% complete for ERR9814115_paired_2.fastq
Approx 60% complete for ERR9814115_paired_2.fastq
Approx 65% complete for ERR9814115_paired_2.fastq
Approx 70% complete for ERR9814115_paired_2.fastq
Approx 75% complete for ERR9814115_paired_2.fastq
Approx 80% complete for ERR9814115_paired_2.fastq
Approx 85% complete for ERR9814115_paired_2.fastq
Approx 90% complete for ERR9814115_paired_2.fastq
Approx 95% complete for ERR9814115_paired_2.fastq
Analysis complete for ERR9814115_paired_2.fastq
null
Started analysis of ERR9814116_paired_1.fastq
Approx 5% complete for ERR9814116_paired_1.fastq
Approx 10% complete for ERR9814116_paired_1.fastq
Approx 15% complete for ERR9814116_paired_1.fastq
Approx 20% complete for ERR9814116_paired_1.fastq
Approx 25% complete for ERR9814116_paired_1.fastq
Approx 30% complete for ERR9814116_paired_1.fastq
Approx 35% complete for ERR9814116_paired_1.fastq
Approx 40% complete for ERR9814116_paired_1.fastq
Approx 45% complete for ERR9814116_paired_1.fastq
Approx 50% complete for ERR9814116_paired_1.fastq
Approx 55% complete for ERR9814116_paired_1.fastq
Approx 60% complete for ERR9814116_paired_1.fastq
Approx 65% complete for ERR9814116_paired_1.fastq
Approx 70% complete for ERR9814116_paired_1.fastq
Approx 75% complete for ERR9814116_paired_1.fastq
Approx 80% complete for ERR9814116_paired_1.fastq
Approx 85% complete for ERR9814116_paired_1.fastq
Approx 90% complete for ERR9814116_paired_1.fastq
Approx 95% complete for ERR9814116_paired_1.fastq
Analysis complete for ERR9814116_paired_1.fastq
null
Started analysis of ERR9814116_paired_2.fastq
Approx 5% complete for ERR9814116_paired_2.fastq
Approx 10% complete for ERR9814116_paired_2.fastq
Approx 15% complete for ERR9814116_paired_2.fastq
Approx 20% complete for ERR9814116_paired_2.fastq
Approx 25% complete for ERR9814116_paired_2.fastq
Approx 30% complete for ERR9814116_paired_2.fastq
Approx 35% complete for ERR9814116_paired_2.fastq
Approx 40% complete for ERR9814116_paired_2.fastq
Approx 45% complete for ERR9814116_paired_2.fastq
Approx 50% complete for ERR9814116_paired_2.fastq
Approx 55% complete for ERR9814116_paired_2.fastq
Approx 60% complete for ERR9814116_paired_2.fastq
Approx 65% complete for ERR9814116_paired_2.fastq
Approx 70% complete for ERR9814116_paired_2.fastq
Approx 75% complete for ERR9814116_paired_2.fastq
Approx 80% complete for ERR9814116_paired_2.fastq
Approx 85% complete for ERR9814116_paired_2.fastq
Approx 90% complete for ERR9814116_paired_2.fastq
Approx 95% complete for ERR9814116_paired_2.fastq
Analysis complete for ERR9814116_paired_2.fastq
null
Started analysis of ERR9814117_paired_1.fastq
Approx 5% complete for ERR9814117_paired_1.fastq
Approx 10% complete for ERR9814117_paired_1.fastq
Approx 15% complete for ERR9814117_paired_1.fastq
Approx 20% complete for ERR9814117_paired_1.fastq
Approx 25% complete for ERR9814117_paired_1.fastq
Approx 30% complete for ERR9814117_paired_1.fastq
Approx 35% complete for ERR9814117_paired_1.fastq
Approx 40% complete for ERR9814117_paired_1.fastq
Approx 45% complete for ERR9814117_paired_1.fastq
Approx 50% complete for ERR9814117_paired_1.fastq
Approx 55% complete for ERR9814117_paired_1.fastq
Approx 60% complete for ERR9814117_paired_1.fastq
Approx 65% complete for ERR9814117_paired_1.fastq
Approx 70% complete for ERR9814117_paired_1.fastq
Approx 75% complete for ERR9814117_paired_1.fastq
Approx 80% complete for ERR9814117_paired_1.fastq
Approx 85% complete for ERR9814117_paired_1.fastq
Approx 90% complete for ERR9814117_paired_1.fastq
Approx 95% complete for ERR9814117_paired_1.fastq
Analysis complete for ERR9814117_paired_1.fastq
null
Started analysis of ERR9814117_paired_2.fastq
Approx 5% complete for ERR9814117_paired_2.fastq
Approx 10% complete for ERR9814117_paired_2.fastq
Approx 15% complete for ERR9814117_paired_2.fastq
Approx 20% complete for ERR9814117_paired_2.fastq
Approx 25% complete for ERR9814117_paired_2.fastq
Approx 30% complete for ERR9814117_paired_2.fastq
Approx 35% complete for ERR9814117_paired_2.fastq
Approx 40% complete for ERR9814117_paired_2.fastq
Approx 45% complete for ERR9814117_paired_2.fastq
Approx 50% complete for ERR9814117_paired_2.fastq
Approx 55% complete for ERR9814117_paired_2.fastq
Approx 60% complete for ERR9814117_paired_2.fastq
Approx 65% complete for ERR9814117_paired_2.fastq
Approx 70% complete for ERR9814117_paired_2.fastq
Approx 75% complete for ERR9814117_paired_2.fastq
Approx 80% complete for ERR9814117_paired_2.fastq
Approx 85% complete for ERR9814117_paired_2.fastq
Approx 90% complete for ERR9814117_paired_2.fastq
Approx 95% complete for ERR9814117_paired_2.fastq
Analysis complete for ERR9814117_paired_2.fastq
null
Started analysis of ERR9814118_paired_1.fastq
Approx 5% complete for ERR9814118_paired_1.fastq
Approx 10% complete for ERR9814118_paired_1.fastq
Approx 15% complete for ERR9814118_paired_1.fastq
Approx 20% complete for ERR9814118_paired_1.fastq
Approx 25% complete for ERR9814118_paired_1.fastq
Approx 30% complete for ERR9814118_paired_1.fastq
Approx 35% complete for ERR9814118_paired_1.fastq
Approx 40% complete for ERR9814118_paired_1.fastq
Approx 45% complete for ERR9814118_paired_1.fastq
Approx 50% complete for ERR9814118_paired_1.fastq
Approx 55% complete for ERR9814118_paired_1.fastq
Approx 60% complete for ERR9814118_paired_1.fastq
Approx 65% complete for ERR9814118_paired_1.fastq
Approx 70% complete for ERR9814118_paired_1.fastq
Approx 75% complete for ERR9814118_paired_1.fastq
Approx 80% complete for ERR9814118_paired_1.fastq
Approx 85% complete for ERR9814118_paired_1.fastq
Approx 90% complete for ERR9814118_paired_1.fastq
Approx 95% complete for ERR9814118_paired_1.fastq
Analysis complete for ERR9814118_paired_1.fastq
null
Started analysis of ERR9814118_paired_2.fastq
Approx 5% complete for ERR9814118_paired_2.fastq
Approx 10% complete for ERR9814118_paired_2.fastq
Approx 15% complete for ERR9814118_paired_2.fastq
Approx 20% complete for ERR9814118_paired_2.fastq
Approx 25% complete for ERR9814118_paired_2.fastq
Approx 30% complete for ERR9814118_paired_2.fastq
Approx 35% complete for ERR9814118_paired_2.fastq
Approx 40% complete for ERR9814118_paired_2.fastq
Approx 45% complete for ERR9814118_paired_2.fastq
Approx 50% complete for ERR9814118_paired_2.fastq
Approx 55% complete for ERR9814118_paired_2.fastq
Approx 60% complete for ERR9814118_paired_2.fastq
Approx 65% complete for ERR9814118_paired_2.fastq
Approx 70% complete for ERR9814118_paired_2.fastq
Approx 75% complete for ERR9814118_paired_2.fastq
Approx 80% complete for ERR9814118_paired_2.fastq
Approx 85% complete for ERR9814118_paired_2.fastq
Approx 90% complete for ERR9814118_paired_2.fastq
Approx 95% complete for ERR9814118_paired_2.fastq
Analysis complete for ERR9814118_paired_2.fastq
null
Started analysis of ERR9814119_paired_1.fastq
Approx 5% complete for ERR9814119_paired_1.fastq
Approx 10% complete for ERR9814119_paired_1.fastq
Approx 15% complete for ERR9814119_paired_1.fastq
Approx 20% complete for ERR9814119_paired_1.fastq
Approx 25% complete for ERR9814119_paired_1.fastq
Approx 30% complete for ERR9814119_paired_1.fastq
Approx 35% complete for ERR9814119_paired_1.fastq
Approx 40% complete for ERR9814119_paired_1.fastq
Approx 45% complete for ERR9814119_paired_1.fastq
Approx 50% complete for ERR9814119_paired_1.fastq
Approx 55% complete for ERR9814119_paired_1.fastq
Approx 60% complete for ERR9814119_paired_1.fastq
Approx 65% complete for ERR9814119_paired_1.fastq
Approx 70% complete for ERR9814119_paired_1.fastq
Approx 75% complete for ERR9814119_paired_1.fastq
Approx 80% complete for ERR9814119_paired_1.fastq
Approx 85% complete for ERR9814119_paired_1.fastq
Approx 90% complete for ERR9814119_paired_1.fastq
Approx 95% complete for ERR9814119_paired_1.fastq
Analysis complete for ERR9814119_paired_1.fastq
null
Started analysis of ERR9814119_paired_2.fastq
Approx 5% complete for ERR9814119_paired_2.fastq
Approx 10% complete for ERR9814119_paired_2.fastq
Approx 15% complete for ERR9814119_paired_2.fastq
Approx 20% complete for ERR9814119_paired_2.fastq
Approx 25% complete for ERR9814119_paired_2.fastq
Approx 30% complete for ERR9814119_paired_2.fastq
Approx 35% complete for ERR9814119_paired_2.fastq
Approx 40% complete for ERR9814119_paired_2.fastq
Approx 45% complete for ERR9814119_paired_2.fastq
Approx 50% complete for ERR9814119_paired_2.fastq
Approx 55% complete for ERR9814119_paired_2.fastq
Approx 60% complete for ERR9814119_paired_2.fastq
Approx 65% complete for ERR9814119_paired_2.fastq
Approx 70% complete for ERR9814119_paired_2.fastq
Approx 75% complete for ERR9814119_paired_2.fastq
Approx 80% complete for ERR9814119_paired_2.fastq
Approx 85% complete for ERR9814119_paired_2.fastq
Approx 90% complete for ERR9814119_paired_2.fastq
Approx 95% complete for ERR9814119_paired_2.fastq
Analysis complete for ERR9814119_paired_2.fastq
null
Started analysis of ERR9814126_paired_1.fastq
Approx 5% complete for ERR9814126_paired_1.fastq
Approx 10% complete for ERR9814126_paired_1.fastq
Approx 15% complete for ERR9814126_paired_1.fastq
Approx 20% complete for ERR9814126_paired_1.fastq
Approx 25% complete for ERR9814126_paired_1.fastq
Approx 30% complete for ERR9814126_paired_1.fastq
Approx 35% complete for ERR9814126_paired_1.fastq
Approx 40% complete for ERR9814126_paired_1.fastq
Approx 45% complete for ERR9814126_paired_1.fastq
Approx 50% complete for ERR9814126_paired_1.fastq
Approx 55% complete for ERR9814126_paired_1.fastq
Approx 60% complete for ERR9814126_paired_1.fastq
Approx 65% complete for ERR9814126_paired_1.fastq
Approx 70% complete for ERR9814126_paired_1.fastq
Approx 75% complete for ERR9814126_paired_1.fastq
Approx 80% complete for ERR9814126_paired_1.fastq
Approx 85% complete for ERR9814126_paired_1.fastq
Approx 90% complete for ERR9814126_paired_1.fastq
Approx 95% complete for ERR9814126_paired_1.fastq
Analysis complete for ERR9814126_paired_1.fastq
null
Started analysis of ERR9814126_paired_2.fastq
Approx 5% complete for ERR9814126_paired_2.fastq
Approx 10% complete for ERR9814126_paired_2.fastq
Approx 15% complete for ERR9814126_paired_2.fastq
Approx 20% complete for ERR9814126_paired_2.fastq
Approx 25% complete for ERR9814126_paired_2.fastq
Approx 30% complete for ERR9814126_paired_2.fastq
Approx 35% complete for ERR9814126_paired_2.fastq
Approx 40% complete for ERR9814126_paired_2.fastq
Approx 45% complete for ERR9814126_paired_2.fastq
Approx 50% complete for ERR9814126_paired_2.fastq
Approx 55% complete for ERR9814126_paired_2.fastq
Approx 60% complete for ERR9814126_paired_2.fastq
Approx 65% complete for ERR9814126_paired_2.fastq
Approx 70% complete for ERR9814126_paired_2.fastq
Approx 75% complete for ERR9814126_paired_2.fastq
Approx 80% complete for ERR9814126_paired_2.fastq
Approx 85% complete for ERR9814126_paired_2.fastq
Approx 90% complete for ERR9814126_paired_2.fastq
Approx 95% complete for ERR9814126_paired_2.fastq
Analysis complete for ERR9814126_paired_2.fastq
null
Started analysis of ERR9814127_paired_1.fastq
Approx 5% complete for ERR9814127_paired_1.fastq
Approx 10% complete for ERR9814127_paired_1.fastq
Approx 15% complete for ERR9814127_paired_1.fastq
Approx 20% complete for ERR9814127_paired_1.fastq
Approx 25% complete for ERR9814127_paired_1.fastq
Approx 30% complete for ERR9814127_paired_1.fastq
Approx 35% complete for ERR9814127_paired_1.fastq
Approx 40% complete for ERR9814127_paired_1.fastq
Approx 45% complete for ERR9814127_paired_1.fastq
Approx 50% complete for ERR9814127_paired_1.fastq
Approx 55% complete for ERR9814127_paired_1.fastq
Approx 60% complete for ERR9814127_paired_1.fastq
Approx 65% complete for ERR9814127_paired_1.fastq
Approx 70% complete for ERR9814127_paired_1.fastq
Approx 75% complete for ERR9814127_paired_1.fastq
Approx 80% complete for ERR9814127_paired_1.fastq
Approx 85% complete for ERR9814127_paired_1.fastq
Approx 90% complete for ERR9814127_paired_1.fastq
Approx 95% complete for ERR9814127_paired_1.fastq
Analysis complete for ERR9814127_paired_1.fastq
null
Started analysis of ERR9814127_paired_2.fastq
Approx 5% complete for ERR9814127_paired_2.fastq
Approx 10% complete for ERR9814127_paired_2.fastq
Approx 15% complete for ERR9814127_paired_2.fastq
Approx 20% complete for ERR9814127_paired_2.fastq
Approx 25% complete for ERR9814127_paired_2.fastq
Approx 30% complete for ERR9814127_paired_2.fastq
Approx 35% complete for ERR9814127_paired_2.fastq
Approx 40% complete for ERR9814127_paired_2.fastq
Approx 45% complete for ERR9814127_paired_2.fastq
Approx 50% complete for ERR9814127_paired_2.fastq
Approx 55% complete for ERR9814127_paired_2.fastq
Approx 60% complete for ERR9814127_paired_2.fastq
Approx 65% complete for ERR9814127_paired_2.fastq
Approx 70% complete for ERR9814127_paired_2.fastq
Approx 75% complete for ERR9814127_paired_2.fastq
Approx 80% complete for ERR9814127_paired_2.fastq
Approx 85% complete for ERR9814127_paired_2.fastq
Approx 90% complete for ERR9814127_paired_2.fastq
Approx 95% complete for ERR9814127_paired_2.fastq
Analysis complete for ERR9814127_paired_2.fastq
null
Started analysis of ERR9814129_paired_1.fastq
Approx 5% complete for ERR9814129_paired_1.fastq
Approx 10% complete for ERR9814129_paired_1.fastq
Approx 15% complete for ERR9814129_paired_1.fastq
Approx 20% complete for ERR9814129_paired_1.fastq
Approx 25% complete for ERR9814129_paired_1.fastq
Approx 30% complete for ERR9814129_paired_1.fastq
Approx 35% complete for ERR9814129_paired_1.fastq
Approx 40% complete for ERR9814129_paired_1.fastq
Approx 45% complete for ERR9814129_paired_1.fastq
Approx 50% complete for ERR9814129_paired_1.fastq
Approx 55% complete for ERR9814129_paired_1.fastq
Approx 60% complete for ERR9814129_paired_1.fastq
Approx 65% complete for ERR9814129_paired_1.fastq
Approx 70% complete for ERR9814129_paired_1.fastq
Approx 75% complete for ERR9814129_paired_1.fastq
Approx 80% complete for ERR9814129_paired_1.fastq
Approx 85% complete for ERR9814129_paired_1.fastq
Approx 90% complete for ERR9814129_paired_1.fastq
Approx 95% complete for ERR9814129_paired_1.fastq
Analysis complete for ERR9814129_paired_1.fastq
null
Started analysis of ERR9814129_paired_2.fastq
Approx 5% complete for ERR9814129_paired_2.fastq
Approx 10% complete for ERR9814129_paired_2.fastq
Approx 15% complete for ERR9814129_paired_2.fastq
Approx 20% complete for ERR9814129_paired_2.fastq
Approx 25% complete for ERR9814129_paired_2.fastq
Approx 30% complete for ERR9814129_paired_2.fastq
Approx 35% complete for ERR9814129_paired_2.fastq
Approx 40% complete for ERR9814129_paired_2.fastq
Approx 45% complete for ERR9814129_paired_2.fastq
Approx 50% complete for ERR9814129_paired_2.fastq
Approx 55% complete for ERR9814129_paired_2.fastq
Approx 60% complete for ERR9814129_paired_2.fastq
Approx 65% complete for ERR9814129_paired_2.fastq
Approx 70% complete for ERR9814129_paired_2.fastq
Approx 75% complete for ERR9814129_paired_2.fastq
Approx 80% complete for ERR9814129_paired_2.fastq
Approx 85% complete for ERR9814129_paired_2.fastq
Approx 90% complete for ERR9814129_paired_2.fastq
Approx 95% complete for ERR9814129_paired_2.fastq
Analysis complete for ERR9814129_paired_2.fastq
null
Started analysis of ERR9814130_paired_1.fastq
Approx 5% complete for ERR9814130_paired_1.fastq
Approx 10% complete for ERR9814130_paired_1.fastq
Approx 15% complete for ERR9814130_paired_1.fastq
Approx 20% complete for ERR9814130_paired_1.fastq
Approx 25% complete for ERR9814130_paired_1.fastq
Approx 30% complete for ERR9814130_paired_1.fastq
Approx 35% complete for ERR9814130_paired_1.fastq
Approx 40% complete for ERR9814130_paired_1.fastq
Approx 45% complete for ERR9814130_paired_1.fastq
Approx 50% complete for ERR9814130_paired_1.fastq
Approx 55% complete for ERR9814130_paired_1.fastq
Approx 60% complete for ERR9814130_paired_1.fastq
Approx 65% complete for ERR9814130_paired_1.fastq
Approx 70% complete for ERR9814130_paired_1.fastq
Approx 75% complete for ERR9814130_paired_1.fastq
Approx 80% complete for ERR9814130_paired_1.fastq
Approx 85% complete for ERR9814130_paired_1.fastq
Approx 90% complete for ERR9814130_paired_1.fastq
Approx 95% complete for ERR9814130_paired_1.fastq
Analysis complete for ERR9814130_paired_1.fastq
null
Started analysis of ERR9814130_paired_2.fastq
Approx 5% complete for ERR9814130_paired_2.fastq
Approx 10% complete for ERR9814130_paired_2.fastq
Approx 15% complete for ERR9814130_paired_2.fastq
Approx 20% complete for ERR9814130_paired_2.fastq
Approx 25% complete for ERR9814130_paired_2.fastq
Approx 30% complete for ERR9814130_paired_2.fastq
Approx 35% complete for ERR9814130_paired_2.fastq
Approx 40% complete for ERR9814130_paired_2.fastq
Approx 45% complete for ERR9814130_paired_2.fastq
Approx 50% complete for ERR9814130_paired_2.fastq
Approx 55% complete for ERR9814130_paired_2.fastq
Approx 60% complete for ERR9814130_paired_2.fastq
Approx 65% complete for ERR9814130_paired_2.fastq
Approx 70% complete for ERR9814130_paired_2.fastq
Approx 75% complete for ERR9814130_paired_2.fastq
Approx 80% complete for ERR9814130_paired_2.fastq
Approx 85% complete for ERR9814130_paired_2.fastq
Approx 90% complete for ERR9814130_paired_2.fastq
Approx 95% complete for ERR9814130_paired_2.fastq
Analysis complete for ERR9814130_paired_2.fastq
null
Started analysis of ERR9814135_paired_1.fastq
Approx 5% complete for ERR9814135_paired_1.fastq
Approx 10% complete for ERR9814135_paired_1.fastq
Approx 15% complete for ERR9814135_paired_1.fastq
Approx 20% complete for ERR9814135_paired_1.fastq
Approx 25% complete for ERR9814135_paired_1.fastq
Approx 30% complete for ERR9814135_paired_1.fastq
Approx 35% complete for ERR9814135_paired_1.fastq
Approx 40% complete for ERR9814135_paired_1.fastq
Approx 45% complete for ERR9814135_paired_1.fastq
Approx 50% complete for ERR9814135_paired_1.fastq
Approx 55% complete for ERR9814135_paired_1.fastq
Approx 60% complete for ERR9814135_paired_1.fastq
Approx 65% complete for ERR9814135_paired_1.fastq
Approx 70% complete for ERR9814135_paired_1.fastq
Approx 75% complete for ERR9814135_paired_1.fastq
Approx 80% complete for ERR9814135_paired_1.fastq
Approx 85% complete for ERR9814135_paired_1.fastq
Approx 90% complete for ERR9814135_paired_1.fastq
Approx 95% complete for ERR9814135_paired_1.fastq
Analysis complete for ERR9814135_paired_1.fastq
null
Started analysis of ERR9814135_paired_2.fastq
Approx 5% complete for ERR9814135_paired_2.fastq
Approx 10% complete for ERR9814135_paired_2.fastq
Approx 15% complete for ERR9814135_paired_2.fastq
Approx 20% complete for ERR9814135_paired_2.fastq
Approx 25% complete for ERR9814135_paired_2.fastq
Approx 30% complete for ERR9814135_paired_2.fastq
Approx 35% complete for ERR9814135_paired_2.fastq
Approx 40% complete for ERR9814135_paired_2.fastq
Approx 45% complete for ERR9814135_paired_2.fastq
Approx 50% complete for ERR9814135_paired_2.fastq
Approx 55% complete for ERR9814135_paired_2.fastq
Approx 60% complete for ERR9814135_paired_2.fastq
Approx 65% complete for ERR9814135_paired_2.fastq
Approx 70% complete for ERR9814135_paired_2.fastq
Approx 75% complete for ERR9814135_paired_2.fastq
Approx 80% complete for ERR9814135_paired_2.fastq
Approx 85% complete for ERR9814135_paired_2.fastq
Approx 90% complete for ERR9814135_paired_2.fastq
Approx 95% complete for ERR9814135_paired_2.fastq
Analysis complete for ERR9814135_paired_2.fastq
null
Started analysis of ERR9814136_paired_1.fastq
Approx 5% complete for ERR9814136_paired_1.fastq
Approx 10% complete for ERR9814136_paired_1.fastq
Approx 15% complete for ERR9814136_paired_1.fastq
Approx 20% complete for ERR9814136_paired_1.fastq
Approx 25% complete for ERR9814136_paired_1.fastq
Approx 30% complete for ERR9814136_paired_1.fastq
Approx 35% complete for ERR9814136_paired_1.fastq
Approx 40% complete for ERR9814136_paired_1.fastq
Approx 45% complete for ERR9814136_paired_1.fastq
Approx 50% complete for ERR9814136_paired_1.fastq
Approx 55% complete for ERR9814136_paired_1.fastq
Approx 60% complete for ERR9814136_paired_1.fastq
Approx 65% complete for ERR9814136_paired_1.fastq
Approx 70% complete for ERR9814136_paired_1.fastq
Approx 75% complete for ERR9814136_paired_1.fastq
Approx 80% complete for ERR9814136_paired_1.fastq
Approx 85% complete for ERR9814136_paired_1.fastq
Approx 90% complete for ERR9814136_paired_1.fastq
Approx 95% complete for ERR9814136_paired_1.fastq
Analysis complete for ERR9814136_paired_1.fastq
null
Started analysis of ERR9814136_paired_2.fastq
Approx 5% complete for ERR9814136_paired_2.fastq
Approx 10% complete for ERR9814136_paired_2.fastq
Approx 15% complete for ERR9814136_paired_2.fastq
Approx 20% complete for ERR9814136_paired_2.fastq
Approx 25% complete for ERR9814136_paired_2.fastq
Approx 30% complete for ERR9814136_paired_2.fastq
Approx 35% complete for ERR9814136_paired_2.fastq
Approx 40% complete for ERR9814136_paired_2.fastq
Approx 45% complete for ERR9814136_paired_2.fastq
Approx 50% complete for ERR9814136_paired_2.fastq
Approx 55% complete for ERR9814136_paired_2.fastq
Approx 60% complete for ERR9814136_paired_2.fastq
Approx 65% complete for ERR9814136_paired_2.fastq
Approx 70% complete for ERR9814136_paired_2.fastq
Approx 75% complete for ERR9814136_paired_2.fastq
Approx 80% complete for ERR9814136_paired_2.fastq
Approx 85% complete for ERR9814136_paired_2.fastq
Approx 90% complete for ERR9814136_paired_2.fastq
Approx 95% complete for ERR9814136_paired_2.fastq
Analysis complete for ERR9814136_paired_2.fastq
null
Started analysis of ERR9814137_paired_1.fastq
Approx 5% complete for ERR9814137_paired_1.fastq
Approx 10% complete for ERR9814137_paired_1.fastq
Approx 15% complete for ERR9814137_paired_1.fastq
Approx 20% complete for ERR9814137_paired_1.fastq
Approx 25% complete for ERR9814137_paired_1.fastq
Approx 30% complete for ERR9814137_paired_1.fastq
Approx 35% complete for ERR9814137_paired_1.fastq
Approx 40% complete for ERR9814137_paired_1.fastq
Approx 45% complete for ERR9814137_paired_1.fastq
Approx 50% complete for ERR9814137_paired_1.fastq
Approx 55% complete for ERR9814137_paired_1.fastq
Approx 60% complete for ERR9814137_paired_1.fastq
Approx 65% complete for ERR9814137_paired_1.fastq
Approx 70% complete for ERR9814137_paired_1.fastq
Approx 75% complete for ERR9814137_paired_1.fastq
Approx 80% complete for ERR9814137_paired_1.fastq
Approx 85% complete for ERR9814137_paired_1.fastq
Approx 90% complete for ERR9814137_paired_1.fastq
Approx 95% complete for ERR9814137_paired_1.fastq
Analysis complete for ERR9814137_paired_1.fastq
null
Started analysis of ERR9814137_paired_2.fastq
Approx 5% complete for ERR9814137_paired_2.fastq
Approx 10% complete for ERR9814137_paired_2.fastq
Approx 15% complete for ERR9814137_paired_2.fastq
Approx 20% complete for ERR9814137_paired_2.fastq
Approx 25% complete for ERR9814137_paired_2.fastq
Approx 30% complete for ERR9814137_paired_2.fastq
Approx 35% complete for ERR9814137_paired_2.fastq
Approx 40% complete for ERR9814137_paired_2.fastq
Approx 45% complete for ERR9814137_paired_2.fastq
Approx 50% complete for ERR9814137_paired_2.fastq
Approx 55% complete for ERR9814137_paired_2.fastq
Approx 60% complete for ERR9814137_paired_2.fastq
Approx 65% complete for ERR9814137_paired_2.fastq
Approx 70% complete for ERR9814137_paired_2.fastq
Approx 75% complete for ERR9814137_paired_2.fastq
Approx 80% complete for ERR9814137_paired_2.fastq
Approx 85% complete for ERR9814137_paired_2.fastq
Approx 90% complete for ERR9814137_paired_2.fastq
Approx 95% complete for ERR9814137_paired_2.fastq
Analysis complete for ERR9814137_paired_2.fastq
null
Started analysis of ERR9814138_paired_1.fastq
Approx 5% complete for ERR9814138_paired_1.fastq
Approx 10% complete for ERR9814138_paired_1.fastq
Approx 15% complete for ERR9814138_paired_1.fastq
Approx 20% complete for ERR9814138_paired_1.fastq
Approx 25% complete for ERR9814138_paired_1.fastq
Approx 30% complete for ERR9814138_paired_1.fastq
Approx 35% complete for ERR9814138_paired_1.fastq
Approx 40% complete for ERR9814138_paired_1.fastq
Approx 45% complete for ERR9814138_paired_1.fastq
Approx 50% complete for ERR9814138_paired_1.fastq
Approx 55% complete for ERR9814138_paired_1.fastq
Approx 60% complete for ERR9814138_paired_1.fastq
Approx 65% complete for ERR9814138_paired_1.fastq
Approx 70% complete for ERR9814138_paired_1.fastq
Approx 75% complete for ERR9814138_paired_1.fastq
Approx 80% complete for ERR9814138_paired_1.fastq
Approx 85% complete for ERR9814138_paired_1.fastq
Approx 90% complete for ERR9814138_paired_1.fastq
Approx 95% complete for ERR9814138_paired_1.fastq
Analysis complete for ERR9814138_paired_1.fastq
null
Started analysis of ERR9814138_paired_2.fastq
Approx 5% complete for ERR9814138_paired_2.fastq
Approx 10% complete for ERR9814138_paired_2.fastq
Approx 15% complete for ERR9814138_paired_2.fastq
Approx 20% complete for ERR9814138_paired_2.fastq
Approx 25% complete for ERR9814138_paired_2.fastq
Approx 30% complete for ERR9814138_paired_2.fastq
Approx 35% complete for ERR9814138_paired_2.fastq
Approx 40% complete for ERR9814138_paired_2.fastq
Approx 45% complete for ERR9814138_paired_2.fastq
Approx 50% complete for ERR9814138_paired_2.fastq
Approx 55% complete for ERR9814138_paired_2.fastq
Approx 60% complete for ERR9814138_paired_2.fastq
Approx 65% complete for ERR9814138_paired_2.fastq
Approx 70% complete for ERR9814138_paired_2.fastq
Approx 75% complete for ERR9814138_paired_2.fastq
Approx 80% complete for ERR9814138_paired_2.fastq
Approx 85% complete for ERR9814138_paired_2.fastq
Approx 90% complete for ERR9814138_paired_2.fastq
Approx 95% complete for ERR9814138_paired_2.fastq
Analysis complete for ERR9814138_paired_2.fastq
null
Started analysis of ERR9814139_paired_1.fastq
Approx 5% complete for ERR9814139_paired_1.fastq
Approx 10% complete for ERR9814139_paired_1.fastq
Approx 15% complete for ERR9814139_paired_1.fastq
Approx 20% complete for ERR9814139_paired_1.fastq
Approx 25% complete for ERR9814139_paired_1.fastq
Approx 30% complete for ERR9814139_paired_1.fastq
Approx 35% complete for ERR9814139_paired_1.fastq
Approx 40% complete for ERR9814139_paired_1.fastq
Approx 45% complete for ERR9814139_paired_1.fastq
Approx 50% complete for ERR9814139_paired_1.fastq
Approx 55% complete for ERR9814139_paired_1.fastq
Approx 60% complete for ERR9814139_paired_1.fastq
Approx 65% complete for ERR9814139_paired_1.fastq
Approx 70% complete for ERR9814139_paired_1.fastq
Approx 75% complete for ERR9814139_paired_1.fastq
Approx 80% complete for ERR9814139_paired_1.fastq
Approx 85% complete for ERR9814139_paired_1.fastq
Approx 90% complete for ERR9814139_paired_1.fastq
Approx 95% complete for ERR9814139_paired_1.fastq
Analysis complete for ERR9814139_paired_1.fastq
null
Started analysis of ERR9814139_paired_2.fastq
Approx 5% complete for ERR9814139_paired_2.fastq
Approx 10% complete for ERR9814139_paired_2.fastq
Approx 15% complete for ERR9814139_paired_2.fastq
Approx 20% complete for ERR9814139_paired_2.fastq
Approx 25% complete for ERR9814139_paired_2.fastq
Approx 30% complete for ERR9814139_paired_2.fastq
Approx 35% complete for ERR9814139_paired_2.fastq
Approx 40% complete for ERR9814139_paired_2.fastq
Approx 45% complete for ERR9814139_paired_2.fastq
Approx 50% complete for ERR9814139_paired_2.fastq
Approx 55% complete for ERR9814139_paired_2.fastq
Approx 60% complete for ERR9814139_paired_2.fastq
Approx 65% complete for ERR9814139_paired_2.fastq
Approx 70% complete for ERR9814139_paired_2.fastq
Approx 75% complete for ERR9814139_paired_2.fastq
Approx 80% complete for ERR9814139_paired_2.fastq
Approx 85% complete for ERR9814139_paired_2.fastq
Approx 90% complete for ERR9814139_paired_2.fastq
Approx 95% complete for ERR9814139_paired_2.fastq
Analysis complete for ERR9814139_paired_2.fastq
null
Started analysis of ERR9814142_paired_1.fastq
Approx 5% complete for ERR9814142_paired_1.fastq
Approx 10% complete for ERR9814142_paired_1.fastq
Approx 15% complete for ERR9814142_paired_1.fastq
Approx 20% complete for ERR9814142_paired_1.fastq
Approx 25% complete for ERR9814142_paired_1.fastq
Approx 30% complete for ERR9814142_paired_1.fastq
Approx 35% complete for ERR9814142_paired_1.fastq
Approx 40% complete for ERR9814142_paired_1.fastq
Approx 45% complete for ERR9814142_paired_1.fastq
Approx 50% complete for ERR9814142_paired_1.fastq
Approx 55% complete for ERR9814142_paired_1.fastq
Approx 60% complete for ERR9814142_paired_1.fastq
Approx 65% complete for ERR9814142_paired_1.fastq
Approx 70% complete for ERR9814142_paired_1.fastq
Approx 75% complete for ERR9814142_paired_1.fastq
Approx 80% complete for ERR9814142_paired_1.fastq
Approx 85% complete for ERR9814142_paired_1.fastq
Approx 90% complete for ERR9814142_paired_1.fastq
Approx 95% complete for ERR9814142_paired_1.fastq
Analysis complete for ERR9814142_paired_1.fastq
null
Started analysis of ERR9814142_paired_2.fastq
Approx 5% complete for ERR9814142_paired_2.fastq
Approx 10% complete for ERR9814142_paired_2.fastq
Approx 15% complete for ERR9814142_paired_2.fastq
Approx 20% complete for ERR9814142_paired_2.fastq
Approx 25% complete for ERR9814142_paired_2.fastq
Approx 30% complete for ERR9814142_paired_2.fastq
Approx 35% complete for ERR9814142_paired_2.fastq
Approx 40% complete for ERR9814142_paired_2.fastq
Approx 45% complete for ERR9814142_paired_2.fastq
Approx 50% complete for ERR9814142_paired_2.fastq
Approx 55% complete for ERR9814142_paired_2.fastq
Approx 60% complete for ERR9814142_paired_2.fastq
Approx 65% complete for ERR9814142_paired_2.fastq
Approx 70% complete for ERR9814142_paired_2.fastq
Approx 75% complete for ERR9814142_paired_2.fastq
Approx 80% complete for ERR9814142_paired_2.fastq
Approx 85% complete for ERR9814142_paired_2.fastq
Approx 90% complete for ERR9814142_paired_2.fastq
Approx 95% complete for ERR9814142_paired_2.fastq
Analysis complete for ERR9814142_paired_2.fastq
null
Started analysis of ERR9814145_paired_1.fastq
Approx 5% complete for ERR9814145_paired_1.fastq
Approx 10% complete for ERR9814145_paired_1.fastq
Approx 15% complete for ERR9814145_paired_1.fastq
Approx 20% complete for ERR9814145_paired_1.fastq
Approx 25% complete for ERR9814145_paired_1.fastq
Approx 30% complete for ERR9814145_paired_1.fastq
Approx 35% complete for ERR9814145_paired_1.fastq
Approx 40% complete for ERR9814145_paired_1.fastq
Approx 45% complete for ERR9814145_paired_1.fastq
Approx 50% complete for ERR9814145_paired_1.fastq
Approx 55% complete for ERR9814145_paired_1.fastq
Approx 60% complete for ERR9814145_paired_1.fastq
Approx 65% complete for ERR9814145_paired_1.fastq
Approx 70% complete for ERR9814145_paired_1.fastq
Approx 75% complete for ERR9814145_paired_1.fastq
Approx 80% complete for ERR9814145_paired_1.fastq
Approx 85% complete for ERR9814145_paired_1.fastq
Approx 90% complete for ERR9814145_paired_1.fastq
Approx 95% complete for ERR9814145_paired_1.fastq
Analysis complete for ERR9814145_paired_1.fastq
null
Started analysis of ERR9814145_paired_2.fastq
Approx 5% complete for ERR9814145_paired_2.fastq
Approx 10% complete for ERR9814145_paired_2.fastq
Approx 15% complete for ERR9814145_paired_2.fastq
Approx 20% complete for ERR9814145_paired_2.fastq
Approx 25% complete for ERR9814145_paired_2.fastq
Approx 30% complete for ERR9814145_paired_2.fastq
Approx 35% complete for ERR9814145_paired_2.fastq
Approx 40% complete for ERR9814145_paired_2.fastq
Approx 45% complete for ERR9814145_paired_2.fastq
Approx 50% complete for ERR9814145_paired_2.fastq
Approx 55% complete for ERR9814145_paired_2.fastq
Approx 60% complete for ERR9814145_paired_2.fastq
Approx 65% complete for ERR9814145_paired_2.fastq
Approx 70% complete for ERR9814145_paired_2.fastq
Approx 75% complete for ERR9814145_paired_2.fastq
Approx 80% complete for ERR9814145_paired_2.fastq
Approx 85% complete for ERR9814145_paired_2.fastq
Approx 90% complete for ERR9814145_paired_2.fastq
Approx 95% complete for ERR9814145_paired_2.fastq
Analysis complete for ERR9814145_paired_2.fastq
null
Started analysis of ERR9814146_paired_1.fastq
Approx 5% complete for ERR9814146_paired_1.fastq
Approx 10% complete for ERR9814146_paired_1.fastq
Approx 15% complete for ERR9814146_paired_1.fastq
Approx 20% complete for ERR9814146_paired_1.fastq
Approx 25% complete for ERR9814146_paired_1.fastq
Approx 30% complete for ERR9814146_paired_1.fastq
Approx 35% complete for ERR9814146_paired_1.fastq
Approx 40% complete for ERR9814146_paired_1.fastq
Approx 45% complete for ERR9814146_paired_1.fastq
Approx 50% complete for ERR9814146_paired_1.fastq
Approx 55% complete for ERR9814146_paired_1.fastq
Approx 60% complete for ERR9814146_paired_1.fastq
Approx 65% complete for ERR9814146_paired_1.fastq
Approx 70% complete for ERR9814146_paired_1.fastq
Approx 75% complete for ERR9814146_paired_1.fastq
Approx 80% complete for ERR9814146_paired_1.fastq
Approx 85% complete for ERR9814146_paired_1.fastq
Approx 90% complete for ERR9814146_paired_1.fastq
Approx 95% complete for ERR9814146_paired_1.fastq
Analysis complete for ERR9814146_paired_1.fastq
null
Started analysis of ERR9814146_paired_2.fastq
Approx 5% complete for ERR9814146_paired_2.fastq
Approx 10% complete for ERR9814146_paired_2.fastq
Approx 15% complete for ERR9814146_paired_2.fastq
Approx 20% complete for ERR9814146_paired_2.fastq
Approx 25% complete for ERR9814146_paired_2.fastq
Approx 30% complete for ERR9814146_paired_2.fastq
Approx 35% complete for ERR9814146_paired_2.fastq
Approx 40% complete for ERR9814146_paired_2.fastq
Approx 45% complete for ERR9814146_paired_2.fastq
Approx 50% complete for ERR9814146_paired_2.fastq
Approx 55% complete for ERR9814146_paired_2.fastq
Approx 60% complete for ERR9814146_paired_2.fastq
Approx 65% complete for ERR9814146_paired_2.fastq
Approx 70% complete for ERR9814146_paired_2.fastq
Approx 75% complete for ERR9814146_paired_2.fastq
Approx 80% complete for ERR9814146_paired_2.fastq
Approx 85% complete for ERR9814146_paired_2.fastq
Approx 90% complete for ERR9814146_paired_2.fastq
Approx 95% complete for ERR9814146_paired_2.fastq
Analysis complete for ERR9814146_paired_2.fastq
null
Started analysis of ERR9814147_paired_1.fastq
Approx 5% complete for ERR9814147_paired_1.fastq
Approx 10% complete for ERR9814147_paired_1.fastq
Approx 15% complete for ERR9814147_paired_1.fastq
Approx 20% complete for ERR9814147_paired_1.fastq
Approx 25% complete for ERR9814147_paired_1.fastq
Approx 30% complete for ERR9814147_paired_1.fastq
Approx 35% complete for ERR9814147_paired_1.fastq
Approx 40% complete for ERR9814147_paired_1.fastq
Approx 45% complete for ERR9814147_paired_1.fastq
Approx 50% complete for ERR9814147_paired_1.fastq
Approx 55% complete for ERR9814147_paired_1.fastq
Approx 60% complete for ERR9814147_paired_1.fastq
Approx 65% complete for ERR9814147_paired_1.fastq
Approx 70% complete for ERR9814147_paired_1.fastq
Approx 75% complete for ERR9814147_paired_1.fastq
Approx 80% complete for ERR9814147_paired_1.fastq
Approx 85% complete for ERR9814147_paired_1.fastq
Approx 90% complete for ERR9814147_paired_1.fastq
Approx 95% complete for ERR9814147_paired_1.fastq
Analysis complete for ERR9814147_paired_1.fastq
null
Started analysis of ERR9814147_paired_2.fastq
Approx 5% complete for ERR9814147_paired_2.fastq
Approx 10% complete for ERR9814147_paired_2.fastq
Approx 15% complete for ERR9814147_paired_2.fastq
Approx 20% complete for ERR9814147_paired_2.fastq
Approx 25% complete for ERR9814147_paired_2.fastq
Approx 30% complete for ERR9814147_paired_2.fastq
Approx 35% complete for ERR9814147_paired_2.fastq
Approx 40% complete for ERR9814147_paired_2.fastq
Approx 45% complete for ERR9814147_paired_2.fastq
Approx 50% complete for ERR9814147_paired_2.fastq
Approx 55% complete for ERR9814147_paired_2.fastq
Approx 60% complete for ERR9814147_paired_2.fastq
Approx 65% complete for ERR9814147_paired_2.fastq
Approx 70% complete for ERR9814147_paired_2.fastq
Approx 75% complete for ERR9814147_paired_2.fastq
Approx 80% complete for ERR9814147_paired_2.fastq
Approx 85% complete for ERR9814147_paired_2.fastq
Approx 90% complete for ERR9814147_paired_2.fastq
Approx 95% complete for ERR9814147_paired_2.fastq
Analysis complete for ERR9814147_paired_2.fastq
null
Started analysis of ERR9814148_paired_1.fastq
Approx 5% complete for ERR9814148_paired_1.fastq
Approx 10% complete for ERR9814148_paired_1.fastq
Approx 15% complete for ERR9814148_paired_1.fastq
Approx 20% complete for ERR9814148_paired_1.fastq
Approx 25% complete for ERR9814148_paired_1.fastq
Approx 30% complete for ERR9814148_paired_1.fastq
Approx 35% complete for ERR9814148_paired_1.fastq
Approx 40% complete for ERR9814148_paired_1.fastq
Approx 45% complete for ERR9814148_paired_1.fastq
Approx 50% complete for ERR9814148_paired_1.fastq
Approx 55% complete for ERR9814148_paired_1.fastq
Approx 60% complete for ERR9814148_paired_1.fastq
Approx 65% complete for ERR9814148_paired_1.fastq
Approx 70% complete for ERR9814148_paired_1.fastq
Approx 75% complete for ERR9814148_paired_1.fastq
Approx 80% complete for ERR9814148_paired_1.fastq
Approx 85% complete for ERR9814148_paired_1.fastq
Approx 90% complete for ERR9814148_paired_1.fastq
Approx 95% complete for ERR9814148_paired_1.fastq
Analysis complete for ERR9814148_paired_1.fastq
null
Started analysis of ERR9814148_paired_2.fastq
Approx 5% complete for ERR9814148_paired_2.fastq
Approx 10% complete for ERR9814148_paired_2.fastq
Approx 15% complete for ERR9814148_paired_2.fastq
Approx 20% complete for ERR9814148_paired_2.fastq
Approx 25% complete for ERR9814148_paired_2.fastq
Approx 30% complete for ERR9814148_paired_2.fastq
Approx 35% complete for ERR9814148_paired_2.fastq
Approx 40% complete for ERR9814148_paired_2.fastq
Approx 45% complete for ERR9814148_paired_2.fastq
Approx 50% complete for ERR9814148_paired_2.fastq
Approx 55% complete for ERR9814148_paired_2.fastq
Approx 60% complete for ERR9814148_paired_2.fastq
Approx 65% complete for ERR9814148_paired_2.fastq
Approx 70% complete for ERR9814148_paired_2.fastq
Approx 75% complete for ERR9814148_paired_2.fastq
Approx 80% complete for ERR9814148_paired_2.fastq
Approx 85% complete for ERR9814148_paired_2.fastq
Approx 90% complete for ERR9814148_paired_2.fastq
Approx 95% complete for ERR9814148_paired_2.fastq
Analysis complete for ERR9814148_paired_2.fastq
null
Started analysis of ERR9814153_paired_1.fastq
Approx 5% complete for ERR9814153_paired_1.fastq
Approx 10% complete for ERR9814153_paired_1.fastq
Approx 15% complete for ERR9814153_paired_1.fastq
Approx 20% complete for ERR9814153_paired_1.fastq
Approx 25% complete for ERR9814153_paired_1.fastq
Approx 30% complete for ERR9814153_paired_1.fastq
Approx 35% complete for ERR9814153_paired_1.fastq
Approx 40% complete for ERR9814153_paired_1.fastq
Approx 45% complete for ERR9814153_paired_1.fastq
Approx 50% complete for ERR9814153_paired_1.fastq
Approx 55% complete for ERR9814153_paired_1.fastq
Approx 60% complete for ERR9814153_paired_1.fastq
Approx 65% complete for ERR9814153_paired_1.fastq
Approx 70% complete for ERR9814153_paired_1.fastq
Approx 75% complete for ERR9814153_paired_1.fastq
Approx 80% complete for ERR9814153_paired_1.fastq
Approx 85% complete for ERR9814153_paired_1.fastq
Approx 90% complete for ERR9814153_paired_1.fastq
Approx 95% complete for ERR9814153_paired_1.fastq
Analysis complete for ERR9814153_paired_1.fastq
null
Started analysis of ERR9814153_paired_2.fastq
Approx 5% complete for ERR9814153_paired_2.fastq
Approx 10% complete for ERR9814153_paired_2.fastq
Approx 15% complete for ERR9814153_paired_2.fastq
Approx 20% complete for ERR9814153_paired_2.fastq
Approx 25% complete for ERR9814153_paired_2.fastq
Approx 30% complete for ERR9814153_paired_2.fastq
Approx 35% complete for ERR9814153_paired_2.fastq
Approx 40% complete for ERR9814153_paired_2.fastq
Approx 45% complete for ERR9814153_paired_2.fastq
Approx 50% complete for ERR9814153_paired_2.fastq
Approx 55% complete for ERR9814153_paired_2.fastq
Approx 60% complete for ERR9814153_paired_2.fastq
Approx 65% complete for ERR9814153_paired_2.fastq
Approx 70% complete for ERR9814153_paired_2.fastq
Approx 75% complete for ERR9814153_paired_2.fastq
Approx 80% complete for ERR9814153_paired_2.fastq
Approx 85% complete for ERR9814153_paired_2.fastq
Approx 90% complete for ERR9814153_paired_2.fastq
Approx 95% complete for ERR9814153_paired_2.fastq
Analysis complete for ERR9814153_paired_2.fastq
null
Started analysis of ERR9814154_paired_1.fastq
Approx 5% complete for ERR9814154_paired_1.fastq
Approx 10% complete for ERR9814154_paired_1.fastq
Approx 15% complete for ERR9814154_paired_1.fastq
Approx 20% complete for ERR9814154_paired_1.fastq
Approx 25% complete for ERR9814154_paired_1.fastq
Approx 30% complete for ERR9814154_paired_1.fastq
Approx 35% complete for ERR9814154_paired_1.fastq
Approx 40% complete for ERR9814154_paired_1.fastq
Approx 45% complete for ERR9814154_paired_1.fastq
Approx 50% complete for ERR9814154_paired_1.fastq
Approx 55% complete for ERR9814154_paired_1.fastq
Approx 60% complete for ERR9814154_paired_1.fastq
Approx 65% complete for ERR9814154_paired_1.fastq
Approx 70% complete for ERR9814154_paired_1.fastq
Approx 75% complete for ERR9814154_paired_1.fastq
Approx 80% complete for ERR9814154_paired_1.fastq
Approx 85% complete for ERR9814154_paired_1.fastq
Approx 90% complete for ERR9814154_paired_1.fastq
Approx 95% complete for ERR9814154_paired_1.fastq
Analysis complete for ERR9814154_paired_1.fastq
null
Started analysis of ERR9814154_paired_2.fastq
Approx 5% complete for ERR9814154_paired_2.fastq
Approx 10% complete for ERR9814154_paired_2.fastq
Approx 15% complete for ERR9814154_paired_2.fastq
Approx 20% complete for ERR9814154_paired_2.fastq
Approx 25% complete for ERR9814154_paired_2.fastq
Approx 30% complete for ERR9814154_paired_2.fastq
Approx 35% complete for ERR9814154_paired_2.fastq
Approx 40% complete for ERR9814154_paired_2.fastq
Approx 45% complete for ERR9814154_paired_2.fastq
Approx 50% complete for ERR9814154_paired_2.fastq
Approx 55% complete for ERR9814154_paired_2.fastq
Approx 60% complete for ERR9814154_paired_2.fastq
Approx 65% complete for ERR9814154_paired_2.fastq
Approx 70% complete for ERR9814154_paired_2.fastq
Approx 75% complete for ERR9814154_paired_2.fastq
Approx 80% complete for ERR9814154_paired_2.fastq
Approx 85% complete for ERR9814154_paired_2.fastq
Approx 90% complete for ERR9814154_paired_2.fastq
Approx 95% complete for ERR9814154_paired_2.fastq
Analysis complete for ERR9814154_paired_2.fastq
null
Started analysis of ERR9814155_paired_1.fastq
Approx 5% complete for ERR9814155_paired_1.fastq
Approx 10% complete for ERR9814155_paired_1.fastq
Approx 15% complete for ERR9814155_paired_1.fastq
Approx 20% complete for ERR9814155_paired_1.fastq
Approx 25% complete for ERR9814155_paired_1.fastq
Approx 30% complete for ERR9814155_paired_1.fastq
Approx 35% complete for ERR9814155_paired_1.fastq
Approx 40% complete for ERR9814155_paired_1.fastq
Approx 45% complete for ERR9814155_paired_1.fastq
Approx 50% complete for ERR9814155_paired_1.fastq
Approx 55% complete for ERR9814155_paired_1.fastq
Approx 60% complete for ERR9814155_paired_1.fastq
Approx 65% complete for ERR9814155_paired_1.fastq
Approx 70% complete for ERR9814155_paired_1.fastq
Approx 75% complete for ERR9814155_paired_1.fastq
Approx 80% complete for ERR9814155_paired_1.fastq
Approx 85% complete for ERR9814155_paired_1.fastq
Approx 90% complete for ERR9814155_paired_1.fastq
Approx 95% complete for ERR9814155_paired_1.fastq
Analysis complete for ERR9814155_paired_1.fastq
null
Started analysis of ERR9814155_paired_2.fastq
Approx 5% complete for ERR9814155_paired_2.fastq
Approx 10% complete for ERR9814155_paired_2.fastq
Approx 15% complete for ERR9814155_paired_2.fastq
Approx 20% complete for ERR9814155_paired_2.fastq
Approx 25% complete for ERR9814155_paired_2.fastq
Approx 30% complete for ERR9814155_paired_2.fastq
Approx 35% complete for ERR9814155_paired_2.fastq
Approx 40% complete for ERR9814155_paired_2.fastq
Approx 45% complete for ERR9814155_paired_2.fastq
Approx 50% complete for ERR9814155_paired_2.fastq
Approx 55% complete for ERR9814155_paired_2.fastq
Approx 60% complete for ERR9814155_paired_2.fastq
Approx 65% complete for ERR9814155_paired_2.fastq
Approx 70% complete for ERR9814155_paired_2.fastq
Approx 75% complete for ERR9814155_paired_2.fastq
Approx 80% complete for ERR9814155_paired_2.fastq
Approx 85% complete for ERR9814155_paired_2.fastq
Approx 90% complete for ERR9814155_paired_2.fastq
Approx 95% complete for ERR9814155_paired_2.fastq
Analysis complete for ERR9814155_paired_2.fastq
null
Started analysis of ERR9814156_paired_1.fastq
Approx 5% complete for ERR9814156_paired_1.fastq
Approx 10% complete for ERR9814156_paired_1.fastq
Approx 15% complete for ERR9814156_paired_1.fastq
Approx 20% complete for ERR9814156_paired_1.fastq
Approx 25% complete for ERR9814156_paired_1.fastq
Approx 30% complete for ERR9814156_paired_1.fastq
Approx 35% complete for ERR9814156_paired_1.fastq
Approx 40% complete for ERR9814156_paired_1.fastq
Approx 45% complete for ERR9814156_paired_1.fastq
Approx 50% complete for ERR9814156_paired_1.fastq
Approx 55% complete for ERR9814156_paired_1.fastq
Approx 60% complete for ERR9814156_paired_1.fastq
Approx 65% complete for ERR9814156_paired_1.fastq
Approx 70% complete for ERR9814156_paired_1.fastq
Approx 75% complete for ERR9814156_paired_1.fastq
Approx 80% complete for ERR9814156_paired_1.fastq
Approx 85% complete for ERR9814156_paired_1.fastq
Approx 90% complete for ERR9814156_paired_1.fastq
Approx 95% complete for ERR9814156_paired_1.fastq
Analysis complete for ERR9814156_paired_1.fastq
null
Started analysis of ERR9814156_paired_2.fastq
Approx 5% complete for ERR9814156_paired_2.fastq
Approx 10% complete for ERR9814156_paired_2.fastq
Approx 15% complete for ERR9814156_paired_2.fastq
Approx 20% complete for ERR9814156_paired_2.fastq
Approx 25% complete for ERR9814156_paired_2.fastq
Approx 30% complete for ERR9814156_paired_2.fastq
Approx 35% complete for ERR9814156_paired_2.fastq
Approx 40% complete for ERR9814156_paired_2.fastq
Approx 45% complete for ERR9814156_paired_2.fastq
Approx 50% complete for ERR9814156_paired_2.fastq
Approx 55% complete for ERR9814156_paired_2.fastq
Approx 60% complete for ERR9814156_paired_2.fastq
Approx 65% complete for ERR9814156_paired_2.fastq
Approx 70% complete for ERR9814156_paired_2.fastq
Approx 75% complete for ERR9814156_paired_2.fastq
Approx 80% complete for ERR9814156_paired_2.fastq
Approx 85% complete for ERR9814156_paired_2.fastq
Approx 90% complete for ERR9814156_paired_2.fastq
Approx 95% complete for ERR9814156_paired_2.fastq
Approx 100% complete for ERR9814156_paired_2.fastq
Analysis complete for ERR9814156_paired_2.fastq
null
Started analysis of ERR9814181_paired_1.fastq
Approx 5% complete for ERR9814181_paired_1.fastq
Approx 10% complete for ERR9814181_paired_1.fastq
Approx 15% complete for ERR9814181_paired_1.fastq
Approx 20% complete for ERR9814181_paired_1.fastq
Approx 25% complete for ERR9814181_paired_1.fastq
Approx 30% complete for ERR9814181_paired_1.fastq
Approx 35% complete for ERR9814181_paired_1.fastq
Approx 40% complete for ERR9814181_paired_1.fastq
Approx 45% complete for ERR9814181_paired_1.fastq
Approx 50% complete for ERR9814181_paired_1.fastq
Approx 55% complete for ERR9814181_paired_1.fastq
Approx 60% complete for ERR9814181_paired_1.fastq
Approx 65% complete for ERR9814181_paired_1.fastq
Approx 70% complete for ERR9814181_paired_1.fastq
Approx 75% complete for ERR9814181_paired_1.fastq
Approx 80% complete for ERR9814181_paired_1.fastq
Approx 85% complete for ERR9814181_paired_1.fastq
Approx 90% complete for ERR9814181_paired_1.fastq
Approx 95% complete for ERR9814181_paired_1.fastq
Analysis complete for ERR9814181_paired_1.fastq
null
Started analysis of ERR9814181_paired_2.fastq
Approx 5% complete for ERR9814181_paired_2.fastq
Approx 10% complete for ERR9814181_paired_2.fastq
Approx 15% complete for ERR9814181_paired_2.fastq
Approx 20% complete for ERR9814181_paired_2.fastq
Approx 25% complete for ERR9814181_paired_2.fastq
Approx 30% complete for ERR9814181_paired_2.fastq
Approx 35% complete for ERR9814181_paired_2.fastq
Approx 40% complete for ERR9814181_paired_2.fastq
Approx 45% complete for ERR9814181_paired_2.fastq
Approx 50% complete for ERR9814181_paired_2.fastq
Approx 55% complete for ERR9814181_paired_2.fastq
Approx 60% complete for ERR9814181_paired_2.fastq
Approx 65% complete for ERR9814181_paired_2.fastq
Approx 70% complete for ERR9814181_paired_2.fastq
Approx 75% complete for ERR9814181_paired_2.fastq
Approx 80% complete for ERR9814181_paired_2.fastq
Approx 85% complete for ERR9814181_paired_2.fastq
Approx 90% complete for ERR9814181_paired_2.fastq
Approx 95% complete for ERR9814181_paired_2.fastq
Analysis complete for ERR9814181_paired_2.fastq
null
Started analysis of ERR9814182_paired_1.fastq
Approx 5% complete for ERR9814182_paired_1.fastq
Approx 10% complete for ERR9814182_paired_1.fastq
Approx 15% complete for ERR9814182_paired_1.fastq
Approx 20% complete for ERR9814182_paired_1.fastq
Approx 25% complete for ERR9814182_paired_1.fastq
Approx 30% complete for ERR9814182_paired_1.fastq
Approx 35% complete for ERR9814182_paired_1.fastq
Approx 40% complete for ERR9814182_paired_1.fastq
Approx 45% complete for ERR9814182_paired_1.fastq
Approx 50% complete for ERR9814182_paired_1.fastq
Approx 55% complete for ERR9814182_paired_1.fastq
Approx 60% complete for ERR9814182_paired_1.fastq
Approx 65% complete for ERR9814182_paired_1.fastq
Approx 70% complete for ERR9814182_paired_1.fastq
Approx 75% complete for ERR9814182_paired_1.fastq
Approx 80% complete for ERR9814182_paired_1.fastq
Approx 85% complete for ERR9814182_paired_1.fastq
Approx 90% complete for ERR9814182_paired_1.fastq
Approx 95% complete for ERR9814182_paired_1.fastq
Analysis complete for ERR9814182_paired_1.fastq
null
Started analysis of ERR9814182_paired_2.fastq
Approx 5% complete for ERR9814182_paired_2.fastq
Approx 10% complete for ERR9814182_paired_2.fastq
Approx 15% complete for ERR9814182_paired_2.fastq
Approx 20% complete for ERR9814182_paired_2.fastq
Approx 25% complete for ERR9814182_paired_2.fastq
Approx 30% complete for ERR9814182_paired_2.fastq
Approx 35% complete for ERR9814182_paired_2.fastq
Approx 40% complete for ERR9814182_paired_2.fastq
Approx 45% complete for ERR9814182_paired_2.fastq
Approx 50% complete for ERR9814182_paired_2.fastq
Approx 55% complete for ERR9814182_paired_2.fastq
Approx 60% complete for ERR9814182_paired_2.fastq
Approx 65% complete for ERR9814182_paired_2.fastq
Approx 70% complete for ERR9814182_paired_2.fastq
Approx 75% complete for ERR9814182_paired_2.fastq
Approx 80% complete for ERR9814182_paired_2.fastq
Approx 85% complete for ERR9814182_paired_2.fastq
Approx 90% complete for ERR9814182_paired_2.fastq
Approx 95% complete for ERR9814182_paired_2.fastq
Analysis complete for ERR9814182_paired_2.fastq
null
Started analysis of ERR9814183_paired_1.fastq
Approx 5% complete for ERR9814183_paired_1.fastq
Approx 10% complete for ERR9814183_paired_1.fastq
Approx 15% complete for ERR9814183_paired_1.fastq
Approx 20% complete for ERR9814183_paired_1.fastq
Approx 25% complete for ERR9814183_paired_1.fastq
Approx 30% complete for ERR9814183_paired_1.fastq
Approx 35% complete for ERR9814183_paired_1.fastq
Approx 40% complete for ERR9814183_paired_1.fastq
Approx 45% complete for ERR9814183_paired_1.fastq
Approx 50% complete for ERR9814183_paired_1.fastq
Approx 55% complete for ERR9814183_paired_1.fastq
Approx 60% complete for ERR9814183_paired_1.fastq
Approx 65% complete for ERR9814183_paired_1.fastq
Approx 70% complete for ERR9814183_paired_1.fastq
Approx 75% complete for ERR9814183_paired_1.fastq
Approx 80% complete for ERR9814183_paired_1.fastq
Approx 85% complete for ERR9814183_paired_1.fastq
Approx 90% complete for ERR9814183_paired_1.fastq
Approx 95% complete for ERR9814183_paired_1.fastq
Analysis complete for ERR9814183_paired_1.fastq
null
Started analysis of ERR9814183_paired_2.fastq
Approx 5% complete for ERR9814183_paired_2.fastq
Approx 10% complete for ERR9814183_paired_2.fastq
Approx 15% complete for ERR9814183_paired_2.fastq
Approx 20% complete for ERR9814183_paired_2.fastq
Approx 25% complete for ERR9814183_paired_2.fastq
Approx 30% complete for ERR9814183_paired_2.fastq
Approx 35% complete for ERR9814183_paired_2.fastq
Approx 40% complete for ERR9814183_paired_2.fastq
Approx 45% complete for ERR9814183_paired_2.fastq
Approx 50% complete for ERR9814183_paired_2.fastq
Approx 55% complete for ERR9814183_paired_2.fastq
Approx 60% complete for ERR9814183_paired_2.fastq
Approx 65% complete for ERR9814183_paired_2.fastq
Approx 70% complete for ERR9814183_paired_2.fastq
Approx 75% complete for ERR9814183_paired_2.fastq
Approx 80% complete for ERR9814183_paired_2.fastq
Approx 85% complete for ERR9814183_paired_2.fastq
Approx 90% complete for ERR9814183_paired_2.fastq
Approx 95% complete for ERR9814183_paired_2.fastq
Analysis complete for ERR9814183_paired_2.fastq
null
Started analysis of ERR9814184_paired_1.fastq
Approx 5% complete for ERR9814184_paired_1.fastq
Approx 10% complete for ERR9814184_paired_1.fastq
Approx 15% complete for ERR9814184_paired_1.fastq
Approx 20% complete for ERR9814184_paired_1.fastq
Approx 25% complete for ERR9814184_paired_1.fastq
Approx 30% complete for ERR9814184_paired_1.fastq
Approx 35% complete for ERR9814184_paired_1.fastq
Approx 40% complete for ERR9814184_paired_1.fastq
Approx 45% complete for ERR9814184_paired_1.fastq
Approx 50% complete for ERR9814184_paired_1.fastq
Approx 55% complete for ERR9814184_paired_1.fastq
Approx 60% complete for ERR9814184_paired_1.fastq
Approx 65% complete for ERR9814184_paired_1.fastq
Approx 70% complete for ERR9814184_paired_1.fastq
Approx 75% complete for ERR9814184_paired_1.fastq
Approx 80% complete for ERR9814184_paired_1.fastq
Approx 85% complete for ERR9814184_paired_1.fastq
Approx 90% complete for ERR9814184_paired_1.fastq
Approx 95% complete for ERR9814184_paired_1.fastq
Analysis complete for ERR9814184_paired_1.fastq
null
Started analysis of ERR9814184_paired_2.fastq
Approx 5% complete for ERR9814184_paired_2.fastq
Approx 10% complete for ERR9814184_paired_2.fastq
Approx 15% complete for ERR9814184_paired_2.fastq
Approx 20% complete for ERR9814184_paired_2.fastq
Approx 25% complete for ERR9814184_paired_2.fastq
Approx 30% complete for ERR9814184_paired_2.fastq
Approx 35% complete for ERR9814184_paired_2.fastq
Approx 40% complete for ERR9814184_paired_2.fastq
Approx 45% complete for ERR9814184_paired_2.fastq
Approx 50% complete for ERR9814184_paired_2.fastq
Approx 55% complete for ERR9814184_paired_2.fastq
Approx 60% complete for ERR9814184_paired_2.fastq
Approx 65% complete for ERR9814184_paired_2.fastq
Approx 70% complete for ERR9814184_paired_2.fastq
Approx 75% complete for ERR9814184_paired_2.fastq
Approx 80% complete for ERR9814184_paired_2.fastq
Approx 85% complete for ERR9814184_paired_2.fastq
Approx 90% complete for ERR9814184_paired_2.fastq
Approx 95% complete for ERR9814184_paired_2.fastq
Analysis complete for ERR9814184_paired_2.fastq
null
Started analysis of ERR9814185_paired_1.fastq
Approx 5% complete for ERR9814185_paired_1.fastq
Approx 10% complete for ERR9814185_paired_1.fastq
Approx 15% complete for ERR9814185_paired_1.fastq
Approx 20% complete for ERR9814185_paired_1.fastq
Approx 25% complete for ERR9814185_paired_1.fastq
Approx 30% complete for ERR9814185_paired_1.fastq
Approx 35% complete for ERR9814185_paired_1.fastq
Approx 40% complete for ERR9814185_paired_1.fastq
Approx 45% complete for ERR9814185_paired_1.fastq
Approx 50% complete for ERR9814185_paired_1.fastq
Approx 55% complete for ERR9814185_paired_1.fastq
Approx 60% complete for ERR9814185_paired_1.fastq
Approx 65% complete for ERR9814185_paired_1.fastq
Approx 70% complete for ERR9814185_paired_1.fastq
Approx 75% complete for ERR9814185_paired_1.fastq
Approx 80% complete for ERR9814185_paired_1.fastq
Approx 85% complete for ERR9814185_paired_1.fastq
Approx 90% complete for ERR9814185_paired_1.fastq
Approx 95% complete for ERR9814185_paired_1.fastq
Analysis complete for ERR9814185_paired_1.fastq
null
Started analysis of ERR9814185_paired_2.fastq
Approx 5% complete for ERR9814185_paired_2.fastq
Approx 10% complete for ERR9814185_paired_2.fastq
Approx 15% complete for ERR9814185_paired_2.fastq
Approx 20% complete for ERR9814185_paired_2.fastq
Approx 25% complete for ERR9814185_paired_2.fastq
Approx 30% complete for ERR9814185_paired_2.fastq
Approx 35% complete for ERR9814185_paired_2.fastq
Approx 40% complete for ERR9814185_paired_2.fastq
Approx 45% complete for ERR9814185_paired_2.fastq
Approx 50% complete for ERR9814185_paired_2.fastq
Approx 55% complete for ERR9814185_paired_2.fastq
Approx 60% complete for ERR9814185_paired_2.fastq
Approx 65% complete for ERR9814185_paired_2.fastq
Approx 70% complete for ERR9814185_paired_2.fastq
Approx 75% complete for ERR9814185_paired_2.fastq
Approx 80% complete for ERR9814185_paired_2.fastq
Approx 85% complete for ERR9814185_paired_2.fastq
Approx 90% complete for ERR9814185_paired_2.fastq
Approx 95% complete for ERR9814185_paired_2.fastq
Analysis complete for ERR9814185_paired_2.fastq
null
Started analysis of ERR9814186_paired_1.fastq
Approx 5% complete for ERR9814186_paired_1.fastq
Approx 10% complete for ERR9814186_paired_1.fastq
Approx 15% complete for ERR9814186_paired_1.fastq
Approx 20% complete for ERR9814186_paired_1.fastq
Approx 25% complete for ERR9814186_paired_1.fastq
Approx 30% complete for ERR9814186_paired_1.fastq
Approx 35% complete for ERR9814186_paired_1.fastq
Approx 40% complete for ERR9814186_paired_1.fastq
Approx 45% complete for ERR9814186_paired_1.fastq
Approx 50% complete for ERR9814186_paired_1.fastq
Approx 55% complete for ERR9814186_paired_1.fastq
Approx 60% complete for ERR9814186_paired_1.fastq
Approx 65% complete for ERR9814186_paired_1.fastq
Approx 70% complete for ERR9814186_paired_1.fastq
Approx 75% complete for ERR9814186_paired_1.fastq
Approx 80% complete for ERR9814186_paired_1.fastq
Approx 85% complete for ERR9814186_paired_1.fastq
Approx 90% complete for ERR9814186_paired_1.fastq
Approx 95% complete for ERR9814186_paired_1.fastq
Analysis complete for ERR9814186_paired_1.fastq
null
Started analysis of ERR9814186_paired_2.fastq
Approx 5% complete for ERR9814186_paired_2.fastq
Approx 10% complete for ERR9814186_paired_2.fastq
Approx 15% complete for ERR9814186_paired_2.fastq
Approx 20% complete for ERR9814186_paired_2.fastq
Approx 25% complete for ERR9814186_paired_2.fastq
Approx 30% complete for ERR9814186_paired_2.fastq
Approx 35% complete for ERR9814186_paired_2.fastq
Approx 40% complete for ERR9814186_paired_2.fastq
Approx 45% complete for ERR9814186_paired_2.fastq
Approx 50% complete for ERR9814186_paired_2.fastq
Approx 55% complete for ERR9814186_paired_2.fastq
Approx 60% complete for ERR9814186_paired_2.fastq
Approx 65% complete for ERR9814186_paired_2.fastq
Approx 70% complete for ERR9814186_paired_2.fastq
Approx 75% complete for ERR9814186_paired_2.fastq
Approx 80% complete for ERR9814186_paired_2.fastq
Approx 85% complete for ERR9814186_paired_2.fastq
Approx 90% complete for ERR9814186_paired_2.fastq
Approx 95% complete for ERR9814186_paired_2.fastq
Analysis complete for ERR9814186_paired_2.fastq

  /// MultiQC  | v1.19

|           multiqc | MultiQC Version v1.27.1 now available!
|           multiqc | Search path : /tscc/nfs/home/lfreund/ps-hsulab/data/ABS_Project/ABS_MGMs/ABS_Revisions_3.3.25/FastQC_Results/MGM_PostTrim_FastQC
|         searching |  100% 168/168  
|            fastqc | Found 84 reports
|           multiqc | Report      : ../../../../../../../nfs/home/lfreund/ps-hsulab/data/ABS_Project/ABS_MGMs/ABS_Revisions_3.3.25/FastQC_Results/MGM_PostTrim_FastQC/multiqc_report.html
|           multiqc | Data        : ../../../../../../../nfs/home/lfreund/ps-hsulab/data/ABS_Project/ABS_MGMs/ABS_Revisions_3.3.25/FastQC_Results/MGM_PostTrim_FastQC/multiqc_data
|           multiqc | MultiQC complete
