null
Started analysis of ERR3473485_1.fastq
Approx 5% complete for ERR3473485_1.fastq
Approx 10% complete for ERR3473485_1.fastq
Approx 15% complete for ERR3473485_1.fastq
Approx 20% complete for ERR3473485_1.fastq
Approx 25% complete for ERR3473485_1.fastq
Approx 30% complete for ERR3473485_1.fastq
Approx 35% complete for ERR3473485_1.fastq
Approx 40% complete for ERR3473485_1.fastq
Approx 45% complete for ERR3473485_1.fastq
Approx 50% complete for ERR3473485_1.fastq
Approx 55% complete for ERR3473485_1.fastq
Approx 60% complete for ERR3473485_1.fastq
Approx 65% complete for ERR3473485_1.fastq
Approx 70% complete for ERR3473485_1.fastq
Approx 75% complete for ERR3473485_1.fastq
Approx 80% complete for ERR3473485_1.fastq
Approx 85% complete for ERR3473485_1.fastq
Approx 90% complete for ERR3473485_1.fastq
Approx 95% complete for ERR3473485_1.fastq
Analysis complete for ERR3473485_1.fastq
null
Started analysis of ERR3473485_2.fastq
Approx 5% complete for ERR3473485_2.fastq
Approx 10% complete for ERR3473485_2.fastq
Approx 15% complete for ERR3473485_2.fastq
Approx 20% complete for ERR3473485_2.fastq
Approx 25% complete for ERR3473485_2.fastq
Approx 30% complete for ERR3473485_2.fastq
Approx 35% complete for ERR3473485_2.fastq
Approx 40% complete for ERR3473485_2.fastq
Approx 45% complete for ERR3473485_2.fastq
Approx 50% complete for ERR3473485_2.fastq
Approx 55% complete for ERR3473485_2.fastq
Approx 60% complete for ERR3473485_2.fastq
Approx 65% complete for ERR3473485_2.fastq
Approx 70% complete for ERR3473485_2.fastq
Approx 75% complete for ERR3473485_2.fastq
Approx 80% complete for ERR3473485_2.fastq
Approx 85% complete for ERR3473485_2.fastq
Approx 90% complete for ERR3473485_2.fastq
Approx 95% complete for ERR3473485_2.fastq
Analysis complete for ERR3473485_2.fastq
null
Started analysis of ERR3473486_1.fastq
Approx 5% complete for ERR3473486_1.fastq
Approx 10% complete for ERR3473486_1.fastq
Approx 15% complete for ERR3473486_1.fastq
Approx 20% complete for ERR3473486_1.fastq
Approx 25% complete for ERR3473486_1.fastq
Approx 30% complete for ERR3473486_1.fastq
Approx 35% complete for ERR3473486_1.fastq
Approx 40% complete for ERR3473486_1.fastq
Approx 45% complete for ERR3473486_1.fastq
Approx 50% complete for ERR3473486_1.fastq
Approx 55% complete for ERR3473486_1.fastq
Approx 60% complete for ERR3473486_1.fastq
Approx 65% complete for ERR3473486_1.fastq
Approx 70% complete for ERR3473486_1.fastq
Approx 75% complete for ERR3473486_1.fastq
Approx 80% complete for ERR3473486_1.fastq
Approx 85% complete for ERR3473486_1.fastq
Approx 90% complete for ERR3473486_1.fastq
Approx 95% complete for ERR3473486_1.fastq
Analysis complete for ERR3473486_1.fastq
null
Started analysis of ERR3473486_2.fastq
Approx 5% complete for ERR3473486_2.fastq
Approx 10% complete for ERR3473486_2.fastq
Approx 15% complete for ERR3473486_2.fastq
Approx 20% complete for ERR3473486_2.fastq
Approx 25% complete for ERR3473486_2.fastq
Approx 30% complete for ERR3473486_2.fastq
Approx 35% complete for ERR3473486_2.fastq
Approx 40% complete for ERR3473486_2.fastq
Approx 45% complete for ERR3473486_2.fastq
Approx 50% complete for ERR3473486_2.fastq
Approx 55% complete for ERR3473486_2.fastq
Approx 60% complete for ERR3473486_2.fastq
Approx 65% complete for ERR3473486_2.fastq
Approx 70% complete for ERR3473486_2.fastq
Approx 75% complete for ERR3473486_2.fastq
Approx 80% complete for ERR3473486_2.fastq
Approx 85% complete for ERR3473486_2.fastq
Approx 90% complete for ERR3473486_2.fastq
Approx 95% complete for ERR3473486_2.fastq
Analysis complete for ERR3473486_2.fastq
null
Started analysis of ERR3473500_1.fastq
Approx 5% complete for ERR3473500_1.fastq
Approx 10% complete for ERR3473500_1.fastq
Approx 15% complete for ERR3473500_1.fastq
Approx 20% complete for ERR3473500_1.fastq
Approx 25% complete for ERR3473500_1.fastq
Approx 30% complete for ERR3473500_1.fastq
Approx 35% complete for ERR3473500_1.fastq
Approx 40% complete for ERR3473500_1.fastq
Approx 45% complete for ERR3473500_1.fastq
Approx 50% complete for ERR3473500_1.fastq
Approx 55% complete for ERR3473500_1.fastq
Approx 60% complete for ERR3473500_1.fastq
Approx 65% complete for ERR3473500_1.fastq
Approx 70% complete for ERR3473500_1.fastq
Approx 75% complete for ERR3473500_1.fastq
Approx 80% complete for ERR3473500_1.fastq
Approx 85% complete for ERR3473500_1.fastq
Approx 90% complete for ERR3473500_1.fastq
Approx 95% complete for ERR3473500_1.fastq
Analysis complete for ERR3473500_1.fastq
null
Started analysis of ERR3473500_2.fastq
Approx 5% complete for ERR3473500_2.fastq
Approx 10% complete for ERR3473500_2.fastq
Approx 15% complete for ERR3473500_2.fastq
Approx 20% complete for ERR3473500_2.fastq
Approx 25% complete for ERR3473500_2.fastq
Approx 30% complete for ERR3473500_2.fastq
Approx 35% complete for ERR3473500_2.fastq
Approx 40% complete for ERR3473500_2.fastq
Approx 45% complete for ERR3473500_2.fastq
Approx 50% complete for ERR3473500_2.fastq
Approx 55% complete for ERR3473500_2.fastq
Approx 60% complete for ERR3473500_2.fastq
Approx 65% complete for ERR3473500_2.fastq
Approx 70% complete for ERR3473500_2.fastq
Approx 75% complete for ERR3473500_2.fastq
Approx 80% complete for ERR3473500_2.fastq
Approx 85% complete for ERR3473500_2.fastq
Approx 90% complete for ERR3473500_2.fastq
Approx 95% complete for ERR3473500_2.fastq
Analysis complete for ERR3473500_2.fastq
null
Started analysis of ERR3473501_1.fastq
Approx 5% complete for ERR3473501_1.fastq
Approx 10% complete for ERR3473501_1.fastq
Approx 15% complete for ERR3473501_1.fastq
Approx 20% complete for ERR3473501_1.fastq
Approx 25% complete for ERR3473501_1.fastq
Approx 30% complete for ERR3473501_1.fastq
Approx 35% complete for ERR3473501_1.fastq
Approx 40% complete for ERR3473501_1.fastq
Approx 45% complete for ERR3473501_1.fastq
Approx 50% complete for ERR3473501_1.fastq
Approx 55% complete for ERR3473501_1.fastq
Approx 60% complete for ERR3473501_1.fastq
Approx 65% complete for ERR3473501_1.fastq
Approx 70% complete for ERR3473501_1.fastq
Approx 75% complete for ERR3473501_1.fastq
Approx 80% complete for ERR3473501_1.fastq
Approx 85% complete for ERR3473501_1.fastq
Approx 90% complete for ERR3473501_1.fastq
Approx 95% complete for ERR3473501_1.fastq
Analysis complete for ERR3473501_1.fastq
null
Started analysis of ERR3473501_2.fastq
Approx 5% complete for ERR3473501_2.fastq
Approx 10% complete for ERR3473501_2.fastq
Approx 15% complete for ERR3473501_2.fastq
Approx 20% complete for ERR3473501_2.fastq
Approx 25% complete for ERR3473501_2.fastq
Approx 30% complete for ERR3473501_2.fastq
Approx 35% complete for ERR3473501_2.fastq
Approx 40% complete for ERR3473501_2.fastq
Approx 45% complete for ERR3473501_2.fastq
Approx 50% complete for ERR3473501_2.fastq
Approx 55% complete for ERR3473501_2.fastq
Approx 60% complete for ERR3473501_2.fastq
Approx 65% complete for ERR3473501_2.fastq
Approx 70% complete for ERR3473501_2.fastq
Approx 75% complete for ERR3473501_2.fastq
Approx 80% complete for ERR3473501_2.fastq
Approx 85% complete for ERR3473501_2.fastq
Approx 90% complete for ERR3473501_2.fastq
Approx 95% complete for ERR3473501_2.fastq
Analysis complete for ERR3473501_2.fastq
null
Started analysis of ERR3473502_1.fastq
Approx 5% complete for ERR3473502_1.fastq
Approx 10% complete for ERR3473502_1.fastq
Approx 15% complete for ERR3473502_1.fastq
Approx 20% complete for ERR3473502_1.fastq
Approx 25% complete for ERR3473502_1.fastq
Approx 30% complete for ERR3473502_1.fastq
Approx 35% complete for ERR3473502_1.fastq
Approx 40% complete for ERR3473502_1.fastq
Approx 45% complete for ERR3473502_1.fastq
Approx 50% complete for ERR3473502_1.fastq
Approx 55% complete for ERR3473502_1.fastq
Approx 60% complete for ERR3473502_1.fastq
Approx 65% complete for ERR3473502_1.fastq
Approx 70% complete for ERR3473502_1.fastq
Approx 75% complete for ERR3473502_1.fastq
Approx 80% complete for ERR3473502_1.fastq
Approx 85% complete for ERR3473502_1.fastq
Approx 90% complete for ERR3473502_1.fastq
Approx 95% complete for ERR3473502_1.fastq
Analysis complete for ERR3473502_1.fastq
null
Started analysis of ERR3473502_2.fastq
Approx 5% complete for ERR3473502_2.fastq
Approx 10% complete for ERR3473502_2.fastq
Approx 15% complete for ERR3473502_2.fastq
Approx 20% complete for ERR3473502_2.fastq
Approx 25% complete for ERR3473502_2.fastq
Approx 30% complete for ERR3473502_2.fastq
Approx 35% complete for ERR3473502_2.fastq
Approx 40% complete for ERR3473502_2.fastq
Approx 45% complete for ERR3473502_2.fastq
Approx 50% complete for ERR3473502_2.fastq
Approx 55% complete for ERR3473502_2.fastq
Approx 60% complete for ERR3473502_2.fastq
Approx 65% complete for ERR3473502_2.fastq
Approx 70% complete for ERR3473502_2.fastq
Approx 75% complete for ERR3473502_2.fastq
Approx 80% complete for ERR3473502_2.fastq
Approx 85% complete for ERR3473502_2.fastq
Approx 90% complete for ERR3473502_2.fastq
Approx 95% complete for ERR3473502_2.fastq
Analysis complete for ERR3473502_2.fastq
null
Started analysis of ERR3473505_1.fastq
Approx 5% complete for ERR3473505_1.fastq
Approx 10% complete for ERR3473505_1.fastq
Approx 15% complete for ERR3473505_1.fastq
Approx 20% complete for ERR3473505_1.fastq
Approx 25% complete for ERR3473505_1.fastq
Approx 30% complete for ERR3473505_1.fastq
Approx 35% complete for ERR3473505_1.fastq
Approx 40% complete for ERR3473505_1.fastq
Approx 45% complete for ERR3473505_1.fastq
Approx 50% complete for ERR3473505_1.fastq
Approx 55% complete for ERR3473505_1.fastq
Approx 60% complete for ERR3473505_1.fastq
Approx 65% complete for ERR3473505_1.fastq
Approx 70% complete for ERR3473505_1.fastq
Approx 75% complete for ERR3473505_1.fastq
Approx 80% complete for ERR3473505_1.fastq
Approx 85% complete for ERR3473505_1.fastq
Approx 90% complete for ERR3473505_1.fastq
Approx 95% complete for ERR3473505_1.fastq
Analysis complete for ERR3473505_1.fastq
null
Started analysis of ERR3473505_2.fastq
Approx 5% complete for ERR3473505_2.fastq
Approx 10% complete for ERR3473505_2.fastq
Approx 15% complete for ERR3473505_2.fastq
Approx 20% complete for ERR3473505_2.fastq
Approx 25% complete for ERR3473505_2.fastq
Approx 30% complete for ERR3473505_2.fastq
Approx 35% complete for ERR3473505_2.fastq
Approx 40% complete for ERR3473505_2.fastq
Approx 45% complete for ERR3473505_2.fastq
Approx 50% complete for ERR3473505_2.fastq
Approx 55% complete for ERR3473505_2.fastq
Approx 60% complete for ERR3473505_2.fastq
Approx 65% complete for ERR3473505_2.fastq
Approx 70% complete for ERR3473505_2.fastq
Approx 75% complete for ERR3473505_2.fastq
Approx 80% complete for ERR3473505_2.fastq
Approx 85% complete for ERR3473505_2.fastq
Approx 90% complete for ERR3473505_2.fastq
Approx 95% complete for ERR3473505_2.fastq
Analysis complete for ERR3473505_2.fastq
null
Started analysis of ERR3473506_1.fastq
Approx 5% complete for ERR3473506_1.fastq
Approx 10% complete for ERR3473506_1.fastq
Approx 15% complete for ERR3473506_1.fastq
Approx 20% complete for ERR3473506_1.fastq
Approx 25% complete for ERR3473506_1.fastq
Approx 30% complete for ERR3473506_1.fastq
Approx 35% complete for ERR3473506_1.fastq
Approx 40% complete for ERR3473506_1.fastq
Approx 45% complete for ERR3473506_1.fastq
Approx 50% complete for ERR3473506_1.fastq
Approx 55% complete for ERR3473506_1.fastq
Approx 60% complete for ERR3473506_1.fastq
Approx 65% complete for ERR3473506_1.fastq
Approx 70% complete for ERR3473506_1.fastq
Approx 75% complete for ERR3473506_1.fastq
Approx 80% complete for ERR3473506_1.fastq
Approx 85% complete for ERR3473506_1.fastq
Approx 90% complete for ERR3473506_1.fastq
Approx 95% complete for ERR3473506_1.fastq
Analysis complete for ERR3473506_1.fastq
null
Started analysis of ERR3473506_2.fastq
Approx 5% complete for ERR3473506_2.fastq
Approx 10% complete for ERR3473506_2.fastq
Approx 15% complete for ERR3473506_2.fastq
Approx 20% complete for ERR3473506_2.fastq
Approx 25% complete for ERR3473506_2.fastq
Approx 30% complete for ERR3473506_2.fastq
Approx 35% complete for ERR3473506_2.fastq
Approx 40% complete for ERR3473506_2.fastq
Approx 45% complete for ERR3473506_2.fastq
Approx 50% complete for ERR3473506_2.fastq
Approx 55% complete for ERR3473506_2.fastq
Approx 60% complete for ERR3473506_2.fastq
Approx 65% complete for ERR3473506_2.fastq
Approx 70% complete for ERR3473506_2.fastq
Approx 75% complete for ERR3473506_2.fastq
Approx 80% complete for ERR3473506_2.fastq
Approx 85% complete for ERR3473506_2.fastq
Approx 90% complete for ERR3473506_2.fastq
Approx 95% complete for ERR3473506_2.fastq
Analysis complete for ERR3473506_2.fastq
null
Started analysis of ERR9814089_1.fastq
Approx 5% complete for ERR9814089_1.fastq
Approx 10% complete for ERR9814089_1.fastq
Approx 15% complete for ERR9814089_1.fastq
Approx 20% complete for ERR9814089_1.fastq
Approx 25% complete for ERR9814089_1.fastq
Approx 30% complete for ERR9814089_1.fastq
Approx 35% complete for ERR9814089_1.fastq
Approx 40% complete for ERR9814089_1.fastq
Approx 45% complete for ERR9814089_1.fastq
Approx 50% complete for ERR9814089_1.fastq
Approx 55% complete for ERR9814089_1.fastq
Approx 60% complete for ERR9814089_1.fastq
Approx 65% complete for ERR9814089_1.fastq
Approx 70% complete for ERR9814089_1.fastq
Approx 75% complete for ERR9814089_1.fastq
Approx 80% complete for ERR9814089_1.fastq
Approx 85% complete for ERR9814089_1.fastq
Approx 90% complete for ERR9814089_1.fastq
Approx 95% complete for ERR9814089_1.fastq
Analysis complete for ERR9814089_1.fastq
null
Started analysis of ERR9814089_2.fastq
Approx 5% complete for ERR9814089_2.fastq
Approx 10% complete for ERR9814089_2.fastq
Approx 15% complete for ERR9814089_2.fastq
Approx 20% complete for ERR9814089_2.fastq
Approx 25% complete for ERR9814089_2.fastq
Approx 30% complete for ERR9814089_2.fastq
Approx 35% complete for ERR9814089_2.fastq
Approx 40% complete for ERR9814089_2.fastq
Approx 45% complete for ERR9814089_2.fastq
Approx 50% complete for ERR9814089_2.fastq
Approx 55% complete for ERR9814089_2.fastq
Approx 60% complete for ERR9814089_2.fastq
Approx 65% complete for ERR9814089_2.fastq
Approx 70% complete for ERR9814089_2.fastq
Approx 75% complete for ERR9814089_2.fastq
Approx 80% complete for ERR9814089_2.fastq
Approx 85% complete for ERR9814089_2.fastq
Approx 90% complete for ERR9814089_2.fastq
Approx 95% complete for ERR9814089_2.fastq
Analysis complete for ERR9814089_2.fastq
null
Started analysis of ERR9814090_1.fastq
Approx 5% complete for ERR9814090_1.fastq
Approx 10% complete for ERR9814090_1.fastq
Approx 15% complete for ERR9814090_1.fastq
Approx 20% complete for ERR9814090_1.fastq
Approx 25% complete for ERR9814090_1.fastq
Approx 30% complete for ERR9814090_1.fastq
Approx 35% complete for ERR9814090_1.fastq
Approx 40% complete for ERR9814090_1.fastq
Approx 45% complete for ERR9814090_1.fastq
Approx 50% complete for ERR9814090_1.fastq
Approx 55% complete for ERR9814090_1.fastq
Approx 60% complete for ERR9814090_1.fastq
Approx 65% complete for ERR9814090_1.fastq
Approx 70% complete for ERR9814090_1.fastq
Approx 75% complete for ERR9814090_1.fastq
Approx 80% complete for ERR9814090_1.fastq
Approx 85% complete for ERR9814090_1.fastq
Approx 90% complete for ERR9814090_1.fastq
Approx 95% complete for ERR9814090_1.fastq
Analysis complete for ERR9814090_1.fastq
null
Started analysis of ERR9814090_2.fastq
Approx 5% complete for ERR9814090_2.fastq
Approx 10% complete for ERR9814090_2.fastq
Approx 15% complete for ERR9814090_2.fastq
Approx 20% complete for ERR9814090_2.fastq
Approx 25% complete for ERR9814090_2.fastq
Approx 30% complete for ERR9814090_2.fastq
Approx 35% complete for ERR9814090_2.fastq
Approx 40% complete for ERR9814090_2.fastq
Approx 45% complete for ERR9814090_2.fastq
Approx 50% complete for ERR9814090_2.fastq
Approx 55% complete for ERR9814090_2.fastq
Approx 60% complete for ERR9814090_2.fastq
Approx 65% complete for ERR9814090_2.fastq
Approx 70% complete for ERR9814090_2.fastq
Approx 75% complete for ERR9814090_2.fastq
Approx 80% complete for ERR9814090_2.fastq
Approx 85% complete for ERR9814090_2.fastq
Approx 90% complete for ERR9814090_2.fastq
Approx 95% complete for ERR9814090_2.fastq
Analysis complete for ERR9814090_2.fastq
null
Started analysis of ERR9814103_1.fastq
Approx 5% complete for ERR9814103_1.fastq
Approx 10% complete for ERR9814103_1.fastq
Approx 15% complete for ERR9814103_1.fastq
Approx 20% complete for ERR9814103_1.fastq
Approx 25% complete for ERR9814103_1.fastq
Approx 30% complete for ERR9814103_1.fastq
Approx 35% complete for ERR9814103_1.fastq
Approx 40% complete for ERR9814103_1.fastq
Approx 45% complete for ERR9814103_1.fastq
Approx 50% complete for ERR9814103_1.fastq
Approx 55% complete for ERR9814103_1.fastq
Approx 60% complete for ERR9814103_1.fastq
Approx 65% complete for ERR9814103_1.fastq
Approx 70% complete for ERR9814103_1.fastq
Approx 75% complete for ERR9814103_1.fastq
Approx 80% complete for ERR9814103_1.fastq
Approx 85% complete for ERR9814103_1.fastq
Approx 90% complete for ERR9814103_1.fastq
Approx 95% complete for ERR9814103_1.fastq
Analysis complete for ERR9814103_1.fastq
null
Started analysis of ERR9814103_2.fastq
Approx 5% complete for ERR9814103_2.fastq
Approx 10% complete for ERR9814103_2.fastq
Approx 15% complete for ERR9814103_2.fastq
Approx 20% complete for ERR9814103_2.fastq
Approx 25% complete for ERR9814103_2.fastq
Approx 30% complete for ERR9814103_2.fastq
Approx 35% complete for ERR9814103_2.fastq
Approx 40% complete for ERR9814103_2.fastq
Approx 45% complete for ERR9814103_2.fastq
Approx 50% complete for ERR9814103_2.fastq
Approx 55% complete for ERR9814103_2.fastq
Approx 60% complete for ERR9814103_2.fastq
Approx 65% complete for ERR9814103_2.fastq
Approx 70% complete for ERR9814103_2.fastq
Approx 75% complete for ERR9814103_2.fastq
Approx 80% complete for ERR9814103_2.fastq
Approx 85% complete for ERR9814103_2.fastq
Approx 90% complete for ERR9814103_2.fastq
Approx 95% complete for ERR9814103_2.fastq
Analysis complete for ERR9814103_2.fastq
null
Started analysis of ERR9814104_1.fastq
Approx 5% complete for ERR9814104_1.fastq
Approx 10% complete for ERR9814104_1.fastq
Approx 15% complete for ERR9814104_1.fastq
Approx 20% complete for ERR9814104_1.fastq
Approx 25% complete for ERR9814104_1.fastq
Approx 30% complete for ERR9814104_1.fastq
Approx 35% complete for ERR9814104_1.fastq
Approx 40% complete for ERR9814104_1.fastq
Approx 45% complete for ERR9814104_1.fastq
Approx 50% complete for ERR9814104_1.fastq
Approx 55% complete for ERR9814104_1.fastq
Approx 60% complete for ERR9814104_1.fastq
Approx 65% complete for ERR9814104_1.fastq
Approx 70% complete for ERR9814104_1.fastq
Approx 75% complete for ERR9814104_1.fastq
Approx 80% complete for ERR9814104_1.fastq
Approx 85% complete for ERR9814104_1.fastq
Approx 90% complete for ERR9814104_1.fastq
Approx 95% complete for ERR9814104_1.fastq
Analysis complete for ERR9814104_1.fastq
null
Started analysis of ERR9814104_2.fastq
Approx 5% complete for ERR9814104_2.fastq
Approx 10% complete for ERR9814104_2.fastq
Approx 15% complete for ERR9814104_2.fastq
Approx 20% complete for ERR9814104_2.fastq
Approx 25% complete for ERR9814104_2.fastq
Approx 30% complete for ERR9814104_2.fastq
Approx 35% complete for ERR9814104_2.fastq
Approx 40% complete for ERR9814104_2.fastq
Approx 45% complete for ERR9814104_2.fastq
Approx 50% complete for ERR9814104_2.fastq
Approx 55% complete for ERR9814104_2.fastq
Approx 60% complete for ERR9814104_2.fastq
Approx 65% complete for ERR9814104_2.fastq
Approx 70% complete for ERR9814104_2.fastq
Approx 75% complete for ERR9814104_2.fastq
Approx 80% complete for ERR9814104_2.fastq
Approx 85% complete for ERR9814104_2.fastq
Approx 90% complete for ERR9814104_2.fastq
Approx 95% complete for ERR9814104_2.fastq
Analysis complete for ERR9814104_2.fastq
null
Started analysis of ERR9814109_1.fastq
Approx 5% complete for ERR9814109_1.fastq
Approx 10% complete for ERR9814109_1.fastq
Approx 15% complete for ERR9814109_1.fastq
Approx 20% complete for ERR9814109_1.fastq
Approx 25% complete for ERR9814109_1.fastq
Approx 30% complete for ERR9814109_1.fastq
Approx 35% complete for ERR9814109_1.fastq
Approx 40% complete for ERR9814109_1.fastq
Approx 45% complete for ERR9814109_1.fastq
Approx 50% complete for ERR9814109_1.fastq
Approx 55% complete for ERR9814109_1.fastq
Approx 60% complete for ERR9814109_1.fastq
Approx 65% complete for ERR9814109_1.fastq
Approx 70% complete for ERR9814109_1.fastq
Approx 75% complete for ERR9814109_1.fastq
Approx 80% complete for ERR9814109_1.fastq
Approx 85% complete for ERR9814109_1.fastq
Approx 90% complete for ERR9814109_1.fastq
Approx 95% complete for ERR9814109_1.fastq
Analysis complete for ERR9814109_1.fastq
null
Started analysis of ERR9814109_2.fastq
Approx 5% complete for ERR9814109_2.fastq
Approx 10% complete for ERR9814109_2.fastq
Approx 15% complete for ERR9814109_2.fastq
Approx 20% complete for ERR9814109_2.fastq
Approx 25% complete for ERR9814109_2.fastq
Approx 30% complete for ERR9814109_2.fastq
Approx 35% complete for ERR9814109_2.fastq
Approx 40% complete for ERR9814109_2.fastq
Approx 45% complete for ERR9814109_2.fastq
Approx 50% complete for ERR9814109_2.fastq
Approx 55% complete for ERR9814109_2.fastq
Approx 60% complete for ERR9814109_2.fastq
Approx 65% complete for ERR9814109_2.fastq
Approx 70% complete for ERR9814109_2.fastq
Approx 75% complete for ERR9814109_2.fastq
Approx 80% complete for ERR9814109_2.fastq
Approx 85% complete for ERR9814109_2.fastq
Approx 90% complete for ERR9814109_2.fastq
Approx 95% complete for ERR9814109_2.fastq
Analysis complete for ERR9814109_2.fastq
null
Started analysis of ERR9814110_1.fastq
Approx 5% complete for ERR9814110_1.fastq
Approx 10% complete for ERR9814110_1.fastq
Approx 15% complete for ERR9814110_1.fastq
Approx 20% complete for ERR9814110_1.fastq
Approx 25% complete for ERR9814110_1.fastq
Approx 30% complete for ERR9814110_1.fastq
Approx 35% complete for ERR9814110_1.fastq
Approx 40% complete for ERR9814110_1.fastq
Approx 45% complete for ERR9814110_1.fastq
Approx 50% complete for ERR9814110_1.fastq
Approx 55% complete for ERR9814110_1.fastq
Approx 60% complete for ERR9814110_1.fastq
Approx 65% complete for ERR9814110_1.fastq
Approx 70% complete for ERR9814110_1.fastq
Approx 75% complete for ERR9814110_1.fastq
Approx 80% complete for ERR9814110_1.fastq
Approx 85% complete for ERR9814110_1.fastq
Approx 90% complete for ERR9814110_1.fastq
Approx 95% complete for ERR9814110_1.fastq
Analysis complete for ERR9814110_1.fastq
null
Started analysis of ERR9814110_2.fastq
Approx 5% complete for ERR9814110_2.fastq
Approx 10% complete for ERR9814110_2.fastq
Approx 15% complete for ERR9814110_2.fastq
Approx 20% complete for ERR9814110_2.fastq
Approx 25% complete for ERR9814110_2.fastq
Approx 30% complete for ERR9814110_2.fastq
Approx 35% complete for ERR9814110_2.fastq
Approx 40% complete for ERR9814110_2.fastq
Approx 45% complete for ERR9814110_2.fastq
Approx 50% complete for ERR9814110_2.fastq
Approx 55% complete for ERR9814110_2.fastq
Approx 60% complete for ERR9814110_2.fastq
Approx 65% complete for ERR9814110_2.fastq
Approx 70% complete for ERR9814110_2.fastq
Approx 75% complete for ERR9814110_2.fastq
Approx 80% complete for ERR9814110_2.fastq
Approx 85% complete for ERR9814110_2.fastq
Approx 90% complete for ERR9814110_2.fastq
Approx 95% complete for ERR9814110_2.fastq
Analysis complete for ERR9814110_2.fastq
null
Started analysis of ERR9814115_1.fastq
Approx 5% complete for ERR9814115_1.fastq
Approx 10% complete for ERR9814115_1.fastq
Approx 15% complete for ERR9814115_1.fastq
Approx 20% complete for ERR9814115_1.fastq
Approx 25% complete for ERR9814115_1.fastq
Approx 30% complete for ERR9814115_1.fastq
Approx 35% complete for ERR9814115_1.fastq
Approx 40% complete for ERR9814115_1.fastq
Approx 45% complete for ERR9814115_1.fastq
Approx 50% complete for ERR9814115_1.fastq
Approx 55% complete for ERR9814115_1.fastq
Approx 60% complete for ERR9814115_1.fastq
Approx 65% complete for ERR9814115_1.fastq
Approx 70% complete for ERR9814115_1.fastq
Approx 75% complete for ERR9814115_1.fastq
Approx 80% complete for ERR9814115_1.fastq
Approx 85% complete for ERR9814115_1.fastq
Approx 90% complete for ERR9814115_1.fastq
Approx 95% complete for ERR9814115_1.fastq
Analysis complete for ERR9814115_1.fastq
null
Started analysis of ERR9814115_2.fastq
Approx 5% complete for ERR9814115_2.fastq
Approx 10% complete for ERR9814115_2.fastq
Approx 15% complete for ERR9814115_2.fastq
Approx 20% complete for ERR9814115_2.fastq
Approx 25% complete for ERR9814115_2.fastq
Approx 30% complete for ERR9814115_2.fastq
Approx 35% complete for ERR9814115_2.fastq
Approx 40% complete for ERR9814115_2.fastq
Approx 45% complete for ERR9814115_2.fastq
Approx 50% complete for ERR9814115_2.fastq
Approx 55% complete for ERR9814115_2.fastq
Approx 60% complete for ERR9814115_2.fastq
Approx 65% complete for ERR9814115_2.fastq
Approx 70% complete for ERR9814115_2.fastq
Approx 75% complete for ERR9814115_2.fastq
Approx 80% complete for ERR9814115_2.fastq
Approx 85% complete for ERR9814115_2.fastq
Approx 90% complete for ERR9814115_2.fastq
Approx 95% complete for ERR9814115_2.fastq
Analysis complete for ERR9814115_2.fastq
null
Started analysis of ERR9814116_1.fastq
Approx 5% complete for ERR9814116_1.fastq
Approx 10% complete for ERR9814116_1.fastq
Approx 15% complete for ERR9814116_1.fastq
Approx 20% complete for ERR9814116_1.fastq
Approx 25% complete for ERR9814116_1.fastq
Approx 30% complete for ERR9814116_1.fastq
Approx 35% complete for ERR9814116_1.fastq
Approx 40% complete for ERR9814116_1.fastq
Approx 45% complete for ERR9814116_1.fastq
Approx 50% complete for ERR9814116_1.fastq
Approx 55% complete for ERR9814116_1.fastq
Approx 60% complete for ERR9814116_1.fastq
Approx 65% complete for ERR9814116_1.fastq
Approx 70% complete for ERR9814116_1.fastq
Approx 75% complete for ERR9814116_1.fastq
Approx 80% complete for ERR9814116_1.fastq
Approx 85% complete for ERR9814116_1.fastq
Approx 90% complete for ERR9814116_1.fastq
Approx 95% complete for ERR9814116_1.fastq
Analysis complete for ERR9814116_1.fastq
null
Started analysis of ERR9814116_2.fastq
Approx 5% complete for ERR9814116_2.fastq
Approx 10% complete for ERR9814116_2.fastq
Approx 15% complete for ERR9814116_2.fastq
Approx 20% complete for ERR9814116_2.fastq
Approx 25% complete for ERR9814116_2.fastq
Approx 30% complete for ERR9814116_2.fastq
Approx 35% complete for ERR9814116_2.fastq
Approx 40% complete for ERR9814116_2.fastq
Approx 45% complete for ERR9814116_2.fastq
Approx 50% complete for ERR9814116_2.fastq
Approx 55% complete for ERR9814116_2.fastq
Approx 60% complete for ERR9814116_2.fastq
Approx 65% complete for ERR9814116_2.fastq
Approx 70% complete for ERR9814116_2.fastq
Approx 75% complete for ERR9814116_2.fastq
Approx 80% complete for ERR9814116_2.fastq
Approx 85% complete for ERR9814116_2.fastq
Approx 90% complete for ERR9814116_2.fastq
Approx 95% complete for ERR9814116_2.fastq
Analysis complete for ERR9814116_2.fastq
null
Started analysis of ERR9814117_1.fastq
Approx 5% complete for ERR9814117_1.fastq
Approx 10% complete for ERR9814117_1.fastq
Approx 15% complete for ERR9814117_1.fastq
Approx 20% complete for ERR9814117_1.fastq
Approx 25% complete for ERR9814117_1.fastq
Approx 30% complete for ERR9814117_1.fastq
Approx 35% complete for ERR9814117_1.fastq
Approx 40% complete for ERR9814117_1.fastq
Approx 45% complete for ERR9814117_1.fastq
Approx 50% complete for ERR9814117_1.fastq
Approx 55% complete for ERR9814117_1.fastq
Approx 60% complete for ERR9814117_1.fastq
Approx 65% complete for ERR9814117_1.fastq
Approx 70% complete for ERR9814117_1.fastq
Approx 75% complete for ERR9814117_1.fastq
Approx 80% complete for ERR9814117_1.fastq
Approx 85% complete for ERR9814117_1.fastq
Approx 90% complete for ERR9814117_1.fastq
Approx 95% complete for ERR9814117_1.fastq
Analysis complete for ERR9814117_1.fastq
null
Started analysis of ERR9814117_2.fastq
Approx 5% complete for ERR9814117_2.fastq
Approx 10% complete for ERR9814117_2.fastq
Approx 15% complete for ERR9814117_2.fastq
Approx 20% complete for ERR9814117_2.fastq
Approx 25% complete for ERR9814117_2.fastq
Approx 30% complete for ERR9814117_2.fastq
Approx 35% complete for ERR9814117_2.fastq
Approx 40% complete for ERR9814117_2.fastq
Approx 45% complete for ERR9814117_2.fastq
Approx 50% complete for ERR9814117_2.fastq
Approx 55% complete for ERR9814117_2.fastq
Approx 60% complete for ERR9814117_2.fastq
Approx 65% complete for ERR9814117_2.fastq
Approx 70% complete for ERR9814117_2.fastq
Approx 75% complete for ERR9814117_2.fastq
Approx 80% complete for ERR9814117_2.fastq
Approx 85% complete for ERR9814117_2.fastq
Approx 90% complete for ERR9814117_2.fastq
Approx 95% complete for ERR9814117_2.fastq
Analysis complete for ERR9814117_2.fastq
null
Started analysis of ERR9814118_1.fastq
Approx 5% complete for ERR9814118_1.fastq
Approx 10% complete for ERR9814118_1.fastq
Approx 15% complete for ERR9814118_1.fastq
Approx 20% complete for ERR9814118_1.fastq
Approx 25% complete for ERR9814118_1.fastq
Approx 30% complete for ERR9814118_1.fastq
Approx 35% complete for ERR9814118_1.fastq
Approx 40% complete for ERR9814118_1.fastq
Approx 45% complete for ERR9814118_1.fastq
Approx 50% complete for ERR9814118_1.fastq
Approx 55% complete for ERR9814118_1.fastq
Approx 60% complete for ERR9814118_1.fastq
Approx 65% complete for ERR9814118_1.fastq
Approx 70% complete for ERR9814118_1.fastq
Approx 75% complete for ERR9814118_1.fastq
Approx 80% complete for ERR9814118_1.fastq
Approx 85% complete for ERR9814118_1.fastq
Approx 90% complete for ERR9814118_1.fastq
Approx 95% complete for ERR9814118_1.fastq
Analysis complete for ERR9814118_1.fastq
null
Started analysis of ERR9814118_2.fastq
Approx 5% complete for ERR9814118_2.fastq
Approx 10% complete for ERR9814118_2.fastq
Approx 15% complete for ERR9814118_2.fastq
Approx 20% complete for ERR9814118_2.fastq
Approx 25% complete for ERR9814118_2.fastq
Approx 30% complete for ERR9814118_2.fastq
Approx 35% complete for ERR9814118_2.fastq
Approx 40% complete for ERR9814118_2.fastq
Approx 45% complete for ERR9814118_2.fastq
Approx 50% complete for ERR9814118_2.fastq
Approx 55% complete for ERR9814118_2.fastq
Approx 60% complete for ERR9814118_2.fastq
Approx 65% complete for ERR9814118_2.fastq
Approx 70% complete for ERR9814118_2.fastq
Approx 75% complete for ERR9814118_2.fastq
Approx 80% complete for ERR9814118_2.fastq
Approx 85% complete for ERR9814118_2.fastq
Approx 90% complete for ERR9814118_2.fastq
Approx 95% complete for ERR9814118_2.fastq
Analysis complete for ERR9814118_2.fastq
null
Started analysis of ERR9814119_1.fastq
Approx 5% complete for ERR9814119_1.fastq
Approx 10% complete for ERR9814119_1.fastq
Approx 15% complete for ERR9814119_1.fastq
Approx 20% complete for ERR9814119_1.fastq
Approx 25% complete for ERR9814119_1.fastq
Approx 30% complete for ERR9814119_1.fastq
Approx 35% complete for ERR9814119_1.fastq
Approx 40% complete for ERR9814119_1.fastq
Approx 45% complete for ERR9814119_1.fastq
Approx 50% complete for ERR9814119_1.fastq
Approx 55% complete for ERR9814119_1.fastq
Approx 60% complete for ERR9814119_1.fastq
Approx 65% complete for ERR9814119_1.fastq
Approx 70% complete for ERR9814119_1.fastq
Approx 75% complete for ERR9814119_1.fastq
Approx 80% complete for ERR9814119_1.fastq
Approx 85% complete for ERR9814119_1.fastq
Approx 90% complete for ERR9814119_1.fastq
Approx 95% complete for ERR9814119_1.fastq
Analysis complete for ERR9814119_1.fastq
null
Started analysis of ERR9814119_2.fastq
Approx 5% complete for ERR9814119_2.fastq
Approx 10% complete for ERR9814119_2.fastq
Approx 15% complete for ERR9814119_2.fastq
Approx 20% complete for ERR9814119_2.fastq
Approx 25% complete for ERR9814119_2.fastq
Approx 30% complete for ERR9814119_2.fastq
Approx 35% complete for ERR9814119_2.fastq
Approx 40% complete for ERR9814119_2.fastq
Approx 45% complete for ERR9814119_2.fastq
Approx 50% complete for ERR9814119_2.fastq
Approx 55% complete for ERR9814119_2.fastq
Approx 60% complete for ERR9814119_2.fastq
Approx 65% complete for ERR9814119_2.fastq
Approx 70% complete for ERR9814119_2.fastq
Approx 75% complete for ERR9814119_2.fastq
Approx 80% complete for ERR9814119_2.fastq
Approx 85% complete for ERR9814119_2.fastq
Approx 90% complete for ERR9814119_2.fastq
Approx 95% complete for ERR9814119_2.fastq
Analysis complete for ERR9814119_2.fastq
null
Started analysis of ERR9814126_1.fastq
Approx 5% complete for ERR9814126_1.fastq
Approx 10% complete for ERR9814126_1.fastq
Approx 15% complete for ERR9814126_1.fastq
Approx 20% complete for ERR9814126_1.fastq
Approx 25% complete for ERR9814126_1.fastq
Approx 30% complete for ERR9814126_1.fastq
Approx 35% complete for ERR9814126_1.fastq
Approx 40% complete for ERR9814126_1.fastq
Approx 45% complete for ERR9814126_1.fastq
Approx 50% complete for ERR9814126_1.fastq
Approx 55% complete for ERR9814126_1.fastq
Approx 60% complete for ERR9814126_1.fastq
Approx 65% complete for ERR9814126_1.fastq
Approx 70% complete for ERR9814126_1.fastq
Approx 75% complete for ERR9814126_1.fastq
Approx 80% complete for ERR9814126_1.fastq
Approx 85% complete for ERR9814126_1.fastq
Approx 90% complete for ERR9814126_1.fastq
Approx 95% complete for ERR9814126_1.fastq
Analysis complete for ERR9814126_1.fastq
null
Started analysis of ERR9814126_2.fastq
Approx 5% complete for ERR9814126_2.fastq
Approx 10% complete for ERR9814126_2.fastq
Approx 15% complete for ERR9814126_2.fastq
Approx 20% complete for ERR9814126_2.fastq
Approx 25% complete for ERR9814126_2.fastq
Approx 30% complete for ERR9814126_2.fastq
Approx 35% complete for ERR9814126_2.fastq
Approx 40% complete for ERR9814126_2.fastq
Approx 45% complete for ERR9814126_2.fastq
Approx 50% complete for ERR9814126_2.fastq
Approx 55% complete for ERR9814126_2.fastq
Approx 60% complete for ERR9814126_2.fastq
Approx 65% complete for ERR9814126_2.fastq
Approx 70% complete for ERR9814126_2.fastq
Approx 75% complete for ERR9814126_2.fastq
Approx 80% complete for ERR9814126_2.fastq
Approx 85% complete for ERR9814126_2.fastq
Approx 90% complete for ERR9814126_2.fastq
Approx 95% complete for ERR9814126_2.fastq
Analysis complete for ERR9814126_2.fastq
null
Started analysis of ERR9814127_1.fastq
Approx 5% complete for ERR9814127_1.fastq
Approx 10% complete for ERR9814127_1.fastq
Approx 15% complete for ERR9814127_1.fastq
Approx 20% complete for ERR9814127_1.fastq
Approx 25% complete for ERR9814127_1.fastq
Approx 30% complete for ERR9814127_1.fastq
Approx 35% complete for ERR9814127_1.fastq
Approx 40% complete for ERR9814127_1.fastq
Approx 45% complete for ERR9814127_1.fastq
Approx 50% complete for ERR9814127_1.fastq
Approx 55% complete for ERR9814127_1.fastq
Approx 60% complete for ERR9814127_1.fastq
Approx 65% complete for ERR9814127_1.fastq
Approx 70% complete for ERR9814127_1.fastq
Approx 75% complete for ERR9814127_1.fastq
Approx 80% complete for ERR9814127_1.fastq
Approx 85% complete for ERR9814127_1.fastq
Approx 90% complete for ERR9814127_1.fastq
Approx 95% complete for ERR9814127_1.fastq
Analysis complete for ERR9814127_1.fastq
null
Started analysis of ERR9814127_2.fastq
Approx 5% complete for ERR9814127_2.fastq
Approx 10% complete for ERR9814127_2.fastq
Approx 15% complete for ERR9814127_2.fastq
Approx 20% complete for ERR9814127_2.fastq
Approx 25% complete for ERR9814127_2.fastq
Approx 30% complete for ERR9814127_2.fastq
Approx 35% complete for ERR9814127_2.fastq
Approx 40% complete for ERR9814127_2.fastq
Approx 45% complete for ERR9814127_2.fastq
Approx 50% complete for ERR9814127_2.fastq
Approx 55% complete for ERR9814127_2.fastq
Approx 60% complete for ERR9814127_2.fastq
Approx 65% complete for ERR9814127_2.fastq
Approx 70% complete for ERR9814127_2.fastq
Approx 75% complete for ERR9814127_2.fastq
Approx 80% complete for ERR9814127_2.fastq
Approx 85% complete for ERR9814127_2.fastq
Approx 90% complete for ERR9814127_2.fastq
Approx 95% complete for ERR9814127_2.fastq
Analysis complete for ERR9814127_2.fastq
null
Started analysis of ERR9814129_1.fastq
Approx 5% complete for ERR9814129_1.fastq
Approx 10% complete for ERR9814129_1.fastq
Approx 15% complete for ERR9814129_1.fastq
Approx 20% complete for ERR9814129_1.fastq
Approx 25% complete for ERR9814129_1.fastq
Approx 30% complete for ERR9814129_1.fastq
Approx 35% complete for ERR9814129_1.fastq
Approx 40% complete for ERR9814129_1.fastq
Approx 45% complete for ERR9814129_1.fastq
Approx 50% complete for ERR9814129_1.fastq
Approx 55% complete for ERR9814129_1.fastq
Approx 60% complete for ERR9814129_1.fastq
Approx 65% complete for ERR9814129_1.fastq
Approx 70% complete for ERR9814129_1.fastq
Approx 75% complete for ERR9814129_1.fastq
Approx 80% complete for ERR9814129_1.fastq
Approx 85% complete for ERR9814129_1.fastq
Approx 90% complete for ERR9814129_1.fastq
Approx 95% complete for ERR9814129_1.fastq
Analysis complete for ERR9814129_1.fastq
null
Started analysis of ERR9814129_2.fastq
Approx 5% complete for ERR9814129_2.fastq
Approx 10% complete for ERR9814129_2.fastq
Approx 15% complete for ERR9814129_2.fastq
Approx 20% complete for ERR9814129_2.fastq
Approx 25% complete for ERR9814129_2.fastq
Approx 30% complete for ERR9814129_2.fastq
Approx 35% complete for ERR9814129_2.fastq
Approx 40% complete for ERR9814129_2.fastq
Approx 45% complete for ERR9814129_2.fastq
Approx 50% complete for ERR9814129_2.fastq
Approx 55% complete for ERR9814129_2.fastq
Approx 60% complete for ERR9814129_2.fastq
Approx 65% complete for ERR9814129_2.fastq
Approx 70% complete for ERR9814129_2.fastq
Approx 75% complete for ERR9814129_2.fastq
Approx 80% complete for ERR9814129_2.fastq
Approx 85% complete for ERR9814129_2.fastq
Approx 90% complete for ERR9814129_2.fastq
Approx 95% complete for ERR9814129_2.fastq
Analysis complete for ERR9814129_2.fastq
null
Started analysis of ERR9814130_1.fastq
Approx 5% complete for ERR9814130_1.fastq
Approx 10% complete for ERR9814130_1.fastq
Approx 15% complete for ERR9814130_1.fastq
Approx 20% complete for ERR9814130_1.fastq
Approx 25% complete for ERR9814130_1.fastq
Approx 30% complete for ERR9814130_1.fastq
Approx 35% complete for ERR9814130_1.fastq
Approx 40% complete for ERR9814130_1.fastq
Approx 45% complete for ERR9814130_1.fastq
Approx 50% complete for ERR9814130_1.fastq
Approx 55% complete for ERR9814130_1.fastq
Approx 60% complete for ERR9814130_1.fastq
Approx 65% complete for ERR9814130_1.fastq
Approx 70% complete for ERR9814130_1.fastq
Approx 75% complete for ERR9814130_1.fastq
Approx 80% complete for ERR9814130_1.fastq
Approx 85% complete for ERR9814130_1.fastq
Approx 90% complete for ERR9814130_1.fastq
Approx 95% complete for ERR9814130_1.fastq
Analysis complete for ERR9814130_1.fastq
null
Started analysis of ERR9814130_2.fastq
Approx 5% complete for ERR9814130_2.fastq
Approx 10% complete for ERR9814130_2.fastq
Approx 15% complete for ERR9814130_2.fastq
Approx 20% complete for ERR9814130_2.fastq
Approx 25% complete for ERR9814130_2.fastq
Approx 30% complete for ERR9814130_2.fastq
Approx 35% complete for ERR9814130_2.fastq
Approx 40% complete for ERR9814130_2.fastq
Approx 45% complete for ERR9814130_2.fastq
Approx 50% complete for ERR9814130_2.fastq
Approx 55% complete for ERR9814130_2.fastq
Approx 60% complete for ERR9814130_2.fastq
Approx 65% complete for ERR9814130_2.fastq
Approx 70% complete for ERR9814130_2.fastq
Approx 75% complete for ERR9814130_2.fastq
Approx 80% complete for ERR9814130_2.fastq
Approx 85% complete for ERR9814130_2.fastq
Approx 90% complete for ERR9814130_2.fastq
Approx 95% complete for ERR9814130_2.fastq
Analysis complete for ERR9814130_2.fastq
null
Started analysis of ERR9814135_1.fastq
Approx 5% complete for ERR9814135_1.fastq
Approx 10% complete for ERR9814135_1.fastq
Approx 15% complete for ERR9814135_1.fastq
Approx 20% complete for ERR9814135_1.fastq
Approx 25% complete for ERR9814135_1.fastq
Approx 30% complete for ERR9814135_1.fastq
Approx 35% complete for ERR9814135_1.fastq
Approx 40% complete for ERR9814135_1.fastq
Approx 45% complete for ERR9814135_1.fastq
Approx 50% complete for ERR9814135_1.fastq
Approx 55% complete for ERR9814135_1.fastq
Approx 60% complete for ERR9814135_1.fastq
Approx 65% complete for ERR9814135_1.fastq
Approx 70% complete for ERR9814135_1.fastq
Approx 75% complete for ERR9814135_1.fastq
Approx 80% complete for ERR9814135_1.fastq
Approx 85% complete for ERR9814135_1.fastq
Approx 90% complete for ERR9814135_1.fastq
Approx 95% complete for ERR9814135_1.fastq
Analysis complete for ERR9814135_1.fastq
null
Started analysis of ERR9814135_2.fastq
Approx 5% complete for ERR9814135_2.fastq
Approx 10% complete for ERR9814135_2.fastq
Approx 15% complete for ERR9814135_2.fastq
Approx 20% complete for ERR9814135_2.fastq
Approx 25% complete for ERR9814135_2.fastq
Approx 30% complete for ERR9814135_2.fastq
Approx 35% complete for ERR9814135_2.fastq
Approx 40% complete for ERR9814135_2.fastq
Approx 45% complete for ERR9814135_2.fastq
Approx 50% complete for ERR9814135_2.fastq
Approx 55% complete for ERR9814135_2.fastq
Approx 60% complete for ERR9814135_2.fastq
Approx 65% complete for ERR9814135_2.fastq
Approx 70% complete for ERR9814135_2.fastq
Approx 75% complete for ERR9814135_2.fastq
Approx 80% complete for ERR9814135_2.fastq
Approx 85% complete for ERR9814135_2.fastq
Approx 90% complete for ERR9814135_2.fastq
Approx 95% complete for ERR9814135_2.fastq
Analysis complete for ERR9814135_2.fastq
null
Started analysis of ERR9814136_1.fastq
Approx 5% complete for ERR9814136_1.fastq
Approx 10% complete for ERR9814136_1.fastq
Approx 15% complete for ERR9814136_1.fastq
Approx 20% complete for ERR9814136_1.fastq
Approx 25% complete for ERR9814136_1.fastq
Approx 30% complete for ERR9814136_1.fastq
Approx 35% complete for ERR9814136_1.fastq
Approx 40% complete for ERR9814136_1.fastq
Approx 45% complete for ERR9814136_1.fastq
Approx 50% complete for ERR9814136_1.fastq
Approx 55% complete for ERR9814136_1.fastq
Approx 60% complete for ERR9814136_1.fastq
Approx 65% complete for ERR9814136_1.fastq
Approx 70% complete for ERR9814136_1.fastq
Approx 75% complete for ERR9814136_1.fastq
Approx 80% complete for ERR9814136_1.fastq
Approx 85% complete for ERR9814136_1.fastq
Approx 90% complete for ERR9814136_1.fastq
Approx 95% complete for ERR9814136_1.fastq
Analysis complete for ERR9814136_1.fastq
null
Started analysis of ERR9814136_2.fastq
Approx 5% complete for ERR9814136_2.fastq
Approx 10% complete for ERR9814136_2.fastq
Approx 15% complete for ERR9814136_2.fastq
Approx 20% complete for ERR9814136_2.fastq
Approx 25% complete for ERR9814136_2.fastq
Approx 30% complete for ERR9814136_2.fastq
Approx 35% complete for ERR9814136_2.fastq
Approx 40% complete for ERR9814136_2.fastq
Approx 45% complete for ERR9814136_2.fastq
Approx 50% complete for ERR9814136_2.fastq
Approx 55% complete for ERR9814136_2.fastq
Approx 60% complete for ERR9814136_2.fastq
Approx 65% complete for ERR9814136_2.fastq
Approx 70% complete for ERR9814136_2.fastq
Approx 75% complete for ERR9814136_2.fastq
Approx 80% complete for ERR9814136_2.fastq
Approx 85% complete for ERR9814136_2.fastq
Approx 90% complete for ERR9814136_2.fastq
Approx 95% complete for ERR9814136_2.fastq
Analysis complete for ERR9814136_2.fastq
null
Started analysis of ERR9814137_1.fastq
Approx 5% complete for ERR9814137_1.fastq
Approx 10% complete for ERR9814137_1.fastq
Approx 15% complete for ERR9814137_1.fastq
Approx 20% complete for ERR9814137_1.fastq
Approx 25% complete for ERR9814137_1.fastq
Approx 30% complete for ERR9814137_1.fastq
Approx 35% complete for ERR9814137_1.fastq
Approx 40% complete for ERR9814137_1.fastq
Approx 45% complete for ERR9814137_1.fastq
Approx 50% complete for ERR9814137_1.fastq
Approx 55% complete for ERR9814137_1.fastq
Approx 60% complete for ERR9814137_1.fastq
Approx 65% complete for ERR9814137_1.fastq
Approx 70% complete for ERR9814137_1.fastq
Approx 75% complete for ERR9814137_1.fastq
Approx 80% complete for ERR9814137_1.fastq
Approx 85% complete for ERR9814137_1.fastq
Approx 90% complete for ERR9814137_1.fastq
Approx 95% complete for ERR9814137_1.fastq
Analysis complete for ERR9814137_1.fastq
null
Started analysis of ERR9814137_2.fastq
Approx 5% complete for ERR9814137_2.fastq
Approx 10% complete for ERR9814137_2.fastq
Approx 15% complete for ERR9814137_2.fastq
Approx 20% complete for ERR9814137_2.fastq
Approx 25% complete for ERR9814137_2.fastq
Approx 30% complete for ERR9814137_2.fastq
Approx 35% complete for ERR9814137_2.fastq
Approx 40% complete for ERR9814137_2.fastq
Approx 45% complete for ERR9814137_2.fastq
Approx 50% complete for ERR9814137_2.fastq
Approx 55% complete for ERR9814137_2.fastq
Approx 60% complete for ERR9814137_2.fastq
Approx 65% complete for ERR9814137_2.fastq
Approx 70% complete for ERR9814137_2.fastq
Approx 75% complete for ERR9814137_2.fastq
Approx 80% complete for ERR9814137_2.fastq
Approx 85% complete for ERR9814137_2.fastq
Approx 90% complete for ERR9814137_2.fastq
Approx 95% complete for ERR9814137_2.fastq
Analysis complete for ERR9814137_2.fastq
null
Started analysis of ERR9814138_1.fastq
Approx 5% complete for ERR9814138_1.fastq
Approx 10% complete for ERR9814138_1.fastq
Approx 15% complete for ERR9814138_1.fastq
Approx 20% complete for ERR9814138_1.fastq
Approx 25% complete for ERR9814138_1.fastq
Approx 30% complete for ERR9814138_1.fastq
Approx 35% complete for ERR9814138_1.fastq
Approx 40% complete for ERR9814138_1.fastq
Approx 45% complete for ERR9814138_1.fastq
Approx 50% complete for ERR9814138_1.fastq
Approx 55% complete for ERR9814138_1.fastq
Approx 60% complete for ERR9814138_1.fastq
Approx 65% complete for ERR9814138_1.fastq
Approx 70% complete for ERR9814138_1.fastq
Approx 75% complete for ERR9814138_1.fastq
Approx 80% complete for ERR9814138_1.fastq
Approx 85% complete for ERR9814138_1.fastq
Approx 90% complete for ERR9814138_1.fastq
Approx 95% complete for ERR9814138_1.fastq
Analysis complete for ERR9814138_1.fastq
null
Started analysis of ERR9814138_2.fastq
Approx 5% complete for ERR9814138_2.fastq
Approx 10% complete for ERR9814138_2.fastq
Approx 15% complete for ERR9814138_2.fastq
Approx 20% complete for ERR9814138_2.fastq
Approx 25% complete for ERR9814138_2.fastq
Approx 30% complete for ERR9814138_2.fastq
Approx 35% complete for ERR9814138_2.fastq
Approx 40% complete for ERR9814138_2.fastq
Approx 45% complete for ERR9814138_2.fastq
Approx 50% complete for ERR9814138_2.fastq
Approx 55% complete for ERR9814138_2.fastq
Approx 60% complete for ERR9814138_2.fastq
Approx 65% complete for ERR9814138_2.fastq
Approx 70% complete for ERR9814138_2.fastq
Approx 75% complete for ERR9814138_2.fastq
Approx 80% complete for ERR9814138_2.fastq
Approx 85% complete for ERR9814138_2.fastq
Approx 90% complete for ERR9814138_2.fastq
Approx 95% complete for ERR9814138_2.fastq
Analysis complete for ERR9814138_2.fastq
null
Started analysis of ERR9814139_1.fastq
Approx 5% complete for ERR9814139_1.fastq
Approx 10% complete for ERR9814139_1.fastq
Approx 15% complete for ERR9814139_1.fastq
Approx 20% complete for ERR9814139_1.fastq
Approx 25% complete for ERR9814139_1.fastq
Approx 30% complete for ERR9814139_1.fastq
Approx 35% complete for ERR9814139_1.fastq
Approx 40% complete for ERR9814139_1.fastq
Approx 45% complete for ERR9814139_1.fastq
Approx 50% complete for ERR9814139_1.fastq
Approx 55% complete for ERR9814139_1.fastq
Approx 60% complete for ERR9814139_1.fastq
Approx 65% complete for ERR9814139_1.fastq
Approx 70% complete for ERR9814139_1.fastq
Approx 75% complete for ERR9814139_1.fastq
Approx 80% complete for ERR9814139_1.fastq
Approx 85% complete for ERR9814139_1.fastq
Approx 90% complete for ERR9814139_1.fastq
Approx 95% complete for ERR9814139_1.fastq
Analysis complete for ERR9814139_1.fastq
null
Started analysis of ERR9814139_2.fastq
Approx 5% complete for ERR9814139_2.fastq
Approx 10% complete for ERR9814139_2.fastq
Approx 15% complete for ERR9814139_2.fastq
Approx 20% complete for ERR9814139_2.fastq
Approx 25% complete for ERR9814139_2.fastq
Approx 30% complete for ERR9814139_2.fastq
Approx 35% complete for ERR9814139_2.fastq
Approx 40% complete for ERR9814139_2.fastq
Approx 45% complete for ERR9814139_2.fastq
Approx 50% complete for ERR9814139_2.fastq
Approx 55% complete for ERR9814139_2.fastq
Approx 60% complete for ERR9814139_2.fastq
Approx 65% complete for ERR9814139_2.fastq
Approx 70% complete for ERR9814139_2.fastq
Approx 75% complete for ERR9814139_2.fastq
Approx 80% complete for ERR9814139_2.fastq
Approx 85% complete for ERR9814139_2.fastq
Approx 90% complete for ERR9814139_2.fastq
Approx 95% complete for ERR9814139_2.fastq
Analysis complete for ERR9814139_2.fastq
null
Started analysis of ERR9814142_1.fastq
Approx 5% complete for ERR9814142_1.fastq
Approx 10% complete for ERR9814142_1.fastq
Approx 15% complete for ERR9814142_1.fastq
Approx 20% complete for ERR9814142_1.fastq
Approx 25% complete for ERR9814142_1.fastq
Approx 30% complete for ERR9814142_1.fastq
Approx 35% complete for ERR9814142_1.fastq
Approx 40% complete for ERR9814142_1.fastq
Approx 45% complete for ERR9814142_1.fastq
Approx 50% complete for ERR9814142_1.fastq
Approx 55% complete for ERR9814142_1.fastq
Approx 60% complete for ERR9814142_1.fastq
Approx 65% complete for ERR9814142_1.fastq
Approx 70% complete for ERR9814142_1.fastq
Approx 75% complete for ERR9814142_1.fastq
Approx 80% complete for ERR9814142_1.fastq
Approx 85% complete for ERR9814142_1.fastq
Approx 90% complete for ERR9814142_1.fastq
Approx 95% complete for ERR9814142_1.fastq
Analysis complete for ERR9814142_1.fastq
null
Started analysis of ERR9814142_2.fastq
Approx 5% complete for ERR9814142_2.fastq
Approx 10% complete for ERR9814142_2.fastq
Approx 15% complete for ERR9814142_2.fastq
Approx 20% complete for ERR9814142_2.fastq
Approx 25% complete for ERR9814142_2.fastq
Approx 30% complete for ERR9814142_2.fastq
Approx 35% complete for ERR9814142_2.fastq
Approx 40% complete for ERR9814142_2.fastq
Approx 45% complete for ERR9814142_2.fastq
Approx 50% complete for ERR9814142_2.fastq
Approx 55% complete for ERR9814142_2.fastq
Approx 60% complete for ERR9814142_2.fastq
Approx 65% complete for ERR9814142_2.fastq
Approx 70% complete for ERR9814142_2.fastq
Approx 75% complete for ERR9814142_2.fastq
Approx 80% complete for ERR9814142_2.fastq
Approx 85% complete for ERR9814142_2.fastq
Approx 90% complete for ERR9814142_2.fastq
Approx 95% complete for ERR9814142_2.fastq
Analysis complete for ERR9814142_2.fastq
null
Started analysis of ERR9814145_1.fastq
Approx 5% complete for ERR9814145_1.fastq
Approx 10% complete for ERR9814145_1.fastq
Approx 15% complete for ERR9814145_1.fastq
Approx 20% complete for ERR9814145_1.fastq
Approx 25% complete for ERR9814145_1.fastq
Approx 30% complete for ERR9814145_1.fastq
Approx 35% complete for ERR9814145_1.fastq
Approx 40% complete for ERR9814145_1.fastq
Approx 45% complete for ERR9814145_1.fastq
Approx 50% complete for ERR9814145_1.fastq
Approx 55% complete for ERR9814145_1.fastq
Approx 60% complete for ERR9814145_1.fastq
Approx 65% complete for ERR9814145_1.fastq
Approx 70% complete for ERR9814145_1.fastq
Approx 75% complete for ERR9814145_1.fastq
Approx 80% complete for ERR9814145_1.fastq
Approx 85% complete for ERR9814145_1.fastq
Approx 90% complete for ERR9814145_1.fastq
Approx 95% complete for ERR9814145_1.fastq
Analysis complete for ERR9814145_1.fastq
null
Started analysis of ERR9814145_2.fastq
Approx 5% complete for ERR9814145_2.fastq
Approx 10% complete for ERR9814145_2.fastq
Approx 15% complete for ERR9814145_2.fastq
Approx 20% complete for ERR9814145_2.fastq
Approx 25% complete for ERR9814145_2.fastq
Approx 30% complete for ERR9814145_2.fastq
Approx 35% complete for ERR9814145_2.fastq
Approx 40% complete for ERR9814145_2.fastq
Approx 45% complete for ERR9814145_2.fastq
Approx 50% complete for ERR9814145_2.fastq
Approx 55% complete for ERR9814145_2.fastq
Approx 60% complete for ERR9814145_2.fastq
Approx 65% complete for ERR9814145_2.fastq
Approx 70% complete for ERR9814145_2.fastq
Approx 75% complete for ERR9814145_2.fastq
Approx 80% complete for ERR9814145_2.fastq
Approx 85% complete for ERR9814145_2.fastq
Approx 90% complete for ERR9814145_2.fastq
Approx 95% complete for ERR9814145_2.fastq
Analysis complete for ERR9814145_2.fastq
null
Started analysis of ERR9814146_1.fastq
Approx 5% complete for ERR9814146_1.fastq
Approx 10% complete for ERR9814146_1.fastq
Approx 15% complete for ERR9814146_1.fastq
Approx 20% complete for ERR9814146_1.fastq
Approx 25% complete for ERR9814146_1.fastq
Approx 30% complete for ERR9814146_1.fastq
Approx 35% complete for ERR9814146_1.fastq
Approx 40% complete for ERR9814146_1.fastq
Approx 45% complete for ERR9814146_1.fastq
Approx 50% complete for ERR9814146_1.fastq
Approx 55% complete for ERR9814146_1.fastq
Approx 60% complete for ERR9814146_1.fastq
Approx 65% complete for ERR9814146_1.fastq
Approx 70% complete for ERR9814146_1.fastq
Approx 75% complete for ERR9814146_1.fastq
Approx 80% complete for ERR9814146_1.fastq
Approx 85% complete for ERR9814146_1.fastq
Approx 90% complete for ERR9814146_1.fastq
Approx 95% complete for ERR9814146_1.fastq
Analysis complete for ERR9814146_1.fastq
null
Started analysis of ERR9814146_2.fastq
Approx 5% complete for ERR9814146_2.fastq
Approx 10% complete for ERR9814146_2.fastq
Approx 15% complete for ERR9814146_2.fastq
Approx 20% complete for ERR9814146_2.fastq
Approx 25% complete for ERR9814146_2.fastq
Approx 30% complete for ERR9814146_2.fastq
Approx 35% complete for ERR9814146_2.fastq
Approx 40% complete for ERR9814146_2.fastq
Approx 45% complete for ERR9814146_2.fastq
Approx 50% complete for ERR9814146_2.fastq
Approx 55% complete for ERR9814146_2.fastq
Approx 60% complete for ERR9814146_2.fastq
Approx 65% complete for ERR9814146_2.fastq
Approx 70% complete for ERR9814146_2.fastq
Approx 75% complete for ERR9814146_2.fastq
Approx 80% complete for ERR9814146_2.fastq
Approx 85% complete for ERR9814146_2.fastq
Approx 90% complete for ERR9814146_2.fastq
Approx 95% complete for ERR9814146_2.fastq
Analysis complete for ERR9814146_2.fastq
null
Started analysis of ERR9814147_1.fastq
Approx 5% complete for ERR9814147_1.fastq
Approx 10% complete for ERR9814147_1.fastq
Approx 15% complete for ERR9814147_1.fastq
Approx 20% complete for ERR9814147_1.fastq
Approx 25% complete for ERR9814147_1.fastq
Approx 30% complete for ERR9814147_1.fastq
Approx 35% complete for ERR9814147_1.fastq
Approx 40% complete for ERR9814147_1.fastq
Approx 45% complete for ERR9814147_1.fastq
Approx 50% complete for ERR9814147_1.fastq
Approx 55% complete for ERR9814147_1.fastq
Approx 60% complete for ERR9814147_1.fastq
Approx 65% complete for ERR9814147_1.fastq
Approx 70% complete for ERR9814147_1.fastq
Approx 75% complete for ERR9814147_1.fastq
Approx 80% complete for ERR9814147_1.fastq
Approx 85% complete for ERR9814147_1.fastq
Approx 90% complete for ERR9814147_1.fastq
Approx 95% complete for ERR9814147_1.fastq
Analysis complete for ERR9814147_1.fastq
null
Started analysis of ERR9814147_2.fastq
Approx 5% complete for ERR9814147_2.fastq
Approx 10% complete for ERR9814147_2.fastq
Approx 15% complete for ERR9814147_2.fastq
Approx 20% complete for ERR9814147_2.fastq
Approx 25% complete for ERR9814147_2.fastq
Approx 30% complete for ERR9814147_2.fastq
Approx 35% complete for ERR9814147_2.fastq
Approx 40% complete for ERR9814147_2.fastq
Approx 45% complete for ERR9814147_2.fastq
Approx 50% complete for ERR9814147_2.fastq
Approx 55% complete for ERR9814147_2.fastq
Approx 60% complete for ERR9814147_2.fastq
Approx 65% complete for ERR9814147_2.fastq
Approx 70% complete for ERR9814147_2.fastq
Approx 75% complete for ERR9814147_2.fastq
Approx 80% complete for ERR9814147_2.fastq
Approx 85% complete for ERR9814147_2.fastq
Approx 90% complete for ERR9814147_2.fastq
Approx 95% complete for ERR9814147_2.fastq
Analysis complete for ERR9814147_2.fastq
null
Started analysis of ERR9814148_1.fastq
Approx 5% complete for ERR9814148_1.fastq
Approx 10% complete for ERR9814148_1.fastq
Approx 15% complete for ERR9814148_1.fastq
Approx 20% complete for ERR9814148_1.fastq
Approx 25% complete for ERR9814148_1.fastq
Approx 30% complete for ERR9814148_1.fastq
Approx 35% complete for ERR9814148_1.fastq
Approx 40% complete for ERR9814148_1.fastq
Approx 45% complete for ERR9814148_1.fastq
Approx 50% complete for ERR9814148_1.fastq
Approx 55% complete for ERR9814148_1.fastq
Approx 60% complete for ERR9814148_1.fastq
Approx 65% complete for ERR9814148_1.fastq
Approx 70% complete for ERR9814148_1.fastq
Approx 75% complete for ERR9814148_1.fastq
Approx 80% complete for ERR9814148_1.fastq
Approx 85% complete for ERR9814148_1.fastq
Approx 90% complete for ERR9814148_1.fastq
Approx 95% complete for ERR9814148_1.fastq
Analysis complete for ERR9814148_1.fastq
null
Started analysis of ERR9814148_2.fastq
Approx 5% complete for ERR9814148_2.fastq
Approx 10% complete for ERR9814148_2.fastq
Approx 15% complete for ERR9814148_2.fastq
Approx 20% complete for ERR9814148_2.fastq
Approx 25% complete for ERR9814148_2.fastq
Approx 30% complete for ERR9814148_2.fastq
Approx 35% complete for ERR9814148_2.fastq
Approx 40% complete for ERR9814148_2.fastq
Approx 45% complete for ERR9814148_2.fastq
Approx 50% complete for ERR9814148_2.fastq
Approx 55% complete for ERR9814148_2.fastq
Approx 60% complete for ERR9814148_2.fastq
Approx 65% complete for ERR9814148_2.fastq
Approx 70% complete for ERR9814148_2.fastq
Approx 75% complete for ERR9814148_2.fastq
Approx 80% complete for ERR9814148_2.fastq
Approx 85% complete for ERR9814148_2.fastq
Approx 90% complete for ERR9814148_2.fastq
Approx 95% complete for ERR9814148_2.fastq
Analysis complete for ERR9814148_2.fastq
null
Started analysis of ERR9814153_1.fastq
Approx 5% complete for ERR9814153_1.fastq
Approx 10% complete for ERR9814153_1.fastq
Approx 15% complete for ERR9814153_1.fastq
Approx 20% complete for ERR9814153_1.fastq
Approx 25% complete for ERR9814153_1.fastq
Approx 30% complete for ERR9814153_1.fastq
Approx 35% complete for ERR9814153_1.fastq
Approx 40% complete for ERR9814153_1.fastq
Approx 45% complete for ERR9814153_1.fastq
Approx 50% complete for ERR9814153_1.fastq
Approx 55% complete for ERR9814153_1.fastq
Approx 60% complete for ERR9814153_1.fastq
Approx 65% complete for ERR9814153_1.fastq
Approx 70% complete for ERR9814153_1.fastq
Approx 75% complete for ERR9814153_1.fastq
Approx 80% complete for ERR9814153_1.fastq
Approx 85% complete for ERR9814153_1.fastq
Approx 90% complete for ERR9814153_1.fastq
Approx 95% complete for ERR9814153_1.fastq
Analysis complete for ERR9814153_1.fastq
null
Started analysis of ERR9814153_2.fastq
Approx 5% complete for ERR9814153_2.fastq
Approx 10% complete for ERR9814153_2.fastq
Approx 15% complete for ERR9814153_2.fastq
Approx 20% complete for ERR9814153_2.fastq
Approx 25% complete for ERR9814153_2.fastq
Approx 30% complete for ERR9814153_2.fastq
Approx 35% complete for ERR9814153_2.fastq
Approx 40% complete for ERR9814153_2.fastq
Approx 45% complete for ERR9814153_2.fastq
Approx 50% complete for ERR9814153_2.fastq
Approx 55% complete for ERR9814153_2.fastq
Approx 60% complete for ERR9814153_2.fastq
Approx 65% complete for ERR9814153_2.fastq
Approx 70% complete for ERR9814153_2.fastq
Approx 75% complete for ERR9814153_2.fastq
Approx 80% complete for ERR9814153_2.fastq
Approx 85% complete for ERR9814153_2.fastq
Approx 90% complete for ERR9814153_2.fastq
Approx 95% complete for ERR9814153_2.fastq
Analysis complete for ERR9814153_2.fastq
null
Started analysis of ERR9814154_1.fastq
Approx 5% complete for ERR9814154_1.fastq
Approx 10% complete for ERR9814154_1.fastq
Approx 15% complete for ERR9814154_1.fastq
Approx 20% complete for ERR9814154_1.fastq
Approx 25% complete for ERR9814154_1.fastq
Approx 30% complete for ERR9814154_1.fastq
Approx 35% complete for ERR9814154_1.fastq
Approx 40% complete for ERR9814154_1.fastq
Approx 45% complete for ERR9814154_1.fastq
Approx 50% complete for ERR9814154_1.fastq
Approx 55% complete for ERR9814154_1.fastq
Approx 60% complete for ERR9814154_1.fastq
Approx 65% complete for ERR9814154_1.fastq
Approx 70% complete for ERR9814154_1.fastq
Approx 75% complete for ERR9814154_1.fastq
Approx 80% complete for ERR9814154_1.fastq
Approx 85% complete for ERR9814154_1.fastq
Approx 90% complete for ERR9814154_1.fastq
Approx 95% complete for ERR9814154_1.fastq
Analysis complete for ERR9814154_1.fastq
null
Started analysis of ERR9814154_2.fastq
Approx 5% complete for ERR9814154_2.fastq
Approx 10% complete for ERR9814154_2.fastq
Approx 15% complete for ERR9814154_2.fastq
Approx 20% complete for ERR9814154_2.fastq
Approx 25% complete for ERR9814154_2.fastq
Approx 30% complete for ERR9814154_2.fastq
Approx 35% complete for ERR9814154_2.fastq
Approx 40% complete for ERR9814154_2.fastq
Approx 45% complete for ERR9814154_2.fastq
Approx 50% complete for ERR9814154_2.fastq
Approx 55% complete for ERR9814154_2.fastq
Approx 60% complete for ERR9814154_2.fastq
Approx 65% complete for ERR9814154_2.fastq
Approx 70% complete for ERR9814154_2.fastq
Approx 75% complete for ERR9814154_2.fastq
Approx 80% complete for ERR9814154_2.fastq
Approx 85% complete for ERR9814154_2.fastq
Approx 90% complete for ERR9814154_2.fastq
Approx 95% complete for ERR9814154_2.fastq
Analysis complete for ERR9814154_2.fastq
null
Started analysis of ERR9814155_1.fastq
Approx 5% complete for ERR9814155_1.fastq
Approx 10% complete for ERR9814155_1.fastq
Approx 15% complete for ERR9814155_1.fastq
Approx 20% complete for ERR9814155_1.fastq
Approx 25% complete for ERR9814155_1.fastq
Approx 30% complete for ERR9814155_1.fastq
Approx 35% complete for ERR9814155_1.fastq
Approx 40% complete for ERR9814155_1.fastq
Approx 45% complete for ERR9814155_1.fastq
Approx 50% complete for ERR9814155_1.fastq
Approx 55% complete for ERR9814155_1.fastq
Approx 60% complete for ERR9814155_1.fastq
Approx 65% complete for ERR9814155_1.fastq
Approx 70% complete for ERR9814155_1.fastq
Approx 75% complete for ERR9814155_1.fastq
Approx 80% complete for ERR9814155_1.fastq
Approx 85% complete for ERR9814155_1.fastq
Approx 90% complete for ERR9814155_1.fastq
Approx 95% complete for ERR9814155_1.fastq
Analysis complete for ERR9814155_1.fastq
null
Started analysis of ERR9814155_2.fastq
Approx 5% complete for ERR9814155_2.fastq
Approx 10% complete for ERR9814155_2.fastq
Approx 15% complete for ERR9814155_2.fastq
Approx 20% complete for ERR9814155_2.fastq
Approx 25% complete for ERR9814155_2.fastq
Approx 30% complete for ERR9814155_2.fastq
Approx 35% complete for ERR9814155_2.fastq
Approx 40% complete for ERR9814155_2.fastq
Approx 45% complete for ERR9814155_2.fastq
Approx 50% complete for ERR9814155_2.fastq
Approx 55% complete for ERR9814155_2.fastq
Approx 60% complete for ERR9814155_2.fastq
Approx 65% complete for ERR9814155_2.fastq
Approx 70% complete for ERR9814155_2.fastq
Approx 75% complete for ERR9814155_2.fastq
Approx 80% complete for ERR9814155_2.fastq
Approx 85% complete for ERR9814155_2.fastq
Approx 90% complete for ERR9814155_2.fastq
Approx 95% complete for ERR9814155_2.fastq
Analysis complete for ERR9814155_2.fastq
null
Started analysis of ERR9814156_1.fastq
Approx 5% complete for ERR9814156_1.fastq
Approx 10% complete for ERR9814156_1.fastq
Approx 15% complete for ERR9814156_1.fastq
Approx 20% complete for ERR9814156_1.fastq
Approx 25% complete for ERR9814156_1.fastq
Approx 30% complete for ERR9814156_1.fastq
Approx 35% complete for ERR9814156_1.fastq
Approx 40% complete for ERR9814156_1.fastq
Approx 45% complete for ERR9814156_1.fastq
Approx 50% complete for ERR9814156_1.fastq
Approx 55% complete for ERR9814156_1.fastq
Approx 60% complete for ERR9814156_1.fastq
Approx 65% complete for ERR9814156_1.fastq
Approx 70% complete for ERR9814156_1.fastq
Approx 75% complete for ERR9814156_1.fastq
Approx 80% complete for ERR9814156_1.fastq
Approx 85% complete for ERR9814156_1.fastq
Approx 90% complete for ERR9814156_1.fastq
Approx 95% complete for ERR9814156_1.fastq
Analysis complete for ERR9814156_1.fastq
null
Started analysis of ERR9814156_2.fastq
Approx 5% complete for ERR9814156_2.fastq
Approx 10% complete for ERR9814156_2.fastq
Approx 15% complete for ERR9814156_2.fastq
Approx 20% complete for ERR9814156_2.fastq
Approx 25% complete for ERR9814156_2.fastq
Approx 30% complete for ERR9814156_2.fastq
Approx 35% complete for ERR9814156_2.fastq
Approx 40% complete for ERR9814156_2.fastq
Approx 45% complete for ERR9814156_2.fastq
Approx 50% complete for ERR9814156_2.fastq
Approx 55% complete for ERR9814156_2.fastq
Approx 60% complete for ERR9814156_2.fastq
Approx 65% complete for ERR9814156_2.fastq
Approx 70% complete for ERR9814156_2.fastq
Approx 75% complete for ERR9814156_2.fastq
Approx 80% complete for ERR9814156_2.fastq
Approx 85% complete for ERR9814156_2.fastq
Approx 90% complete for ERR9814156_2.fastq
Approx 95% complete for ERR9814156_2.fastq
Analysis complete for ERR9814156_2.fastq
null
Started analysis of ERR9814181_1.fastq
Approx 5% complete for ERR9814181_1.fastq
Approx 10% complete for ERR9814181_1.fastq
Approx 15% complete for ERR9814181_1.fastq
Approx 20% complete for ERR9814181_1.fastq
Approx 25% complete for ERR9814181_1.fastq
Approx 30% complete for ERR9814181_1.fastq
Approx 35% complete for ERR9814181_1.fastq
Approx 40% complete for ERR9814181_1.fastq
Approx 45% complete for ERR9814181_1.fastq
Approx 50% complete for ERR9814181_1.fastq
Approx 55% complete for ERR9814181_1.fastq
Approx 60% complete for ERR9814181_1.fastq
Approx 65% complete for ERR9814181_1.fastq
Approx 70% complete for ERR9814181_1.fastq
Approx 75% complete for ERR9814181_1.fastq
Approx 80% complete for ERR9814181_1.fastq
Approx 85% complete for ERR9814181_1.fastq
Approx 90% complete for ERR9814181_1.fastq
Approx 95% complete for ERR9814181_1.fastq
Analysis complete for ERR9814181_1.fastq
null
Started analysis of ERR9814181_2.fastq
Approx 5% complete for ERR9814181_2.fastq
Approx 10% complete for ERR9814181_2.fastq
Approx 15% complete for ERR9814181_2.fastq
Approx 20% complete for ERR9814181_2.fastq
Approx 25% complete for ERR9814181_2.fastq
Approx 30% complete for ERR9814181_2.fastq
Approx 35% complete for ERR9814181_2.fastq
Approx 40% complete for ERR9814181_2.fastq
Approx 45% complete for ERR9814181_2.fastq
Approx 50% complete for ERR9814181_2.fastq
Approx 55% complete for ERR9814181_2.fastq
Approx 60% complete for ERR9814181_2.fastq
Approx 65% complete for ERR9814181_2.fastq
Approx 70% complete for ERR9814181_2.fastq
Approx 75% complete for ERR9814181_2.fastq
Approx 80% complete for ERR9814181_2.fastq
Approx 85% complete for ERR9814181_2.fastq
Approx 90% complete for ERR9814181_2.fastq
Approx 95% complete for ERR9814181_2.fastq
Analysis complete for ERR9814181_2.fastq
null
Started analysis of ERR9814182_1.fastq
Approx 5% complete for ERR9814182_1.fastq
Approx 10% complete for ERR9814182_1.fastq
Approx 15% complete for ERR9814182_1.fastq
Approx 20% complete for ERR9814182_1.fastq
Approx 25% complete for ERR9814182_1.fastq
Approx 30% complete for ERR9814182_1.fastq
Approx 35% complete for ERR9814182_1.fastq
Approx 40% complete for ERR9814182_1.fastq
Approx 45% complete for ERR9814182_1.fastq
Approx 50% complete for ERR9814182_1.fastq
Approx 55% complete for ERR9814182_1.fastq
Approx 60% complete for ERR9814182_1.fastq
Approx 65% complete for ERR9814182_1.fastq
Approx 70% complete for ERR9814182_1.fastq
Approx 75% complete for ERR9814182_1.fastq
Approx 80% complete for ERR9814182_1.fastq
Approx 85% complete for ERR9814182_1.fastq
Approx 90% complete for ERR9814182_1.fastq
Approx 95% complete for ERR9814182_1.fastq
Analysis complete for ERR9814182_1.fastq
null
Started analysis of ERR9814182_2.fastq
Approx 5% complete for ERR9814182_2.fastq
Approx 10% complete for ERR9814182_2.fastq
Approx 15% complete for ERR9814182_2.fastq
Approx 20% complete for ERR9814182_2.fastq
Approx 25% complete for ERR9814182_2.fastq
Approx 30% complete for ERR9814182_2.fastq
Approx 35% complete for ERR9814182_2.fastq
Approx 40% complete for ERR9814182_2.fastq
Approx 45% complete for ERR9814182_2.fastq
Approx 50% complete for ERR9814182_2.fastq
Approx 55% complete for ERR9814182_2.fastq
Approx 60% complete for ERR9814182_2.fastq
Approx 65% complete for ERR9814182_2.fastq
Approx 70% complete for ERR9814182_2.fastq
Approx 75% complete for ERR9814182_2.fastq
Approx 80% complete for ERR9814182_2.fastq
Approx 85% complete for ERR9814182_2.fastq
Approx 90% complete for ERR9814182_2.fastq
Approx 95% complete for ERR9814182_2.fastq
Analysis complete for ERR9814182_2.fastq
null
Started analysis of ERR9814183_1.fastq
Approx 5% complete for ERR9814183_1.fastq
Approx 10% complete for ERR9814183_1.fastq
Approx 15% complete for ERR9814183_1.fastq
Approx 20% complete for ERR9814183_1.fastq
Approx 25% complete for ERR9814183_1.fastq
Approx 30% complete for ERR9814183_1.fastq
Approx 35% complete for ERR9814183_1.fastq
Approx 40% complete for ERR9814183_1.fastq
Approx 45% complete for ERR9814183_1.fastq
Approx 50% complete for ERR9814183_1.fastq
Approx 55% complete for ERR9814183_1.fastq
Approx 60% complete for ERR9814183_1.fastq
Approx 65% complete for ERR9814183_1.fastq
Approx 70% complete for ERR9814183_1.fastq
Approx 75% complete for ERR9814183_1.fastq
Approx 80% complete for ERR9814183_1.fastq
Approx 85% complete for ERR9814183_1.fastq
Approx 90% complete for ERR9814183_1.fastq
Approx 95% complete for ERR9814183_1.fastq
Analysis complete for ERR9814183_1.fastq
null
Started analysis of ERR9814183_2.fastq
Approx 5% complete for ERR9814183_2.fastq
Approx 10% complete for ERR9814183_2.fastq
Approx 15% complete for ERR9814183_2.fastq
Approx 20% complete for ERR9814183_2.fastq
Approx 25% complete for ERR9814183_2.fastq
Approx 30% complete for ERR9814183_2.fastq
Approx 35% complete for ERR9814183_2.fastq
Approx 40% complete for ERR9814183_2.fastq
Approx 45% complete for ERR9814183_2.fastq
Approx 50% complete for ERR9814183_2.fastq
Approx 55% complete for ERR9814183_2.fastq
Approx 60% complete for ERR9814183_2.fastq
Approx 65% complete for ERR9814183_2.fastq
Approx 70% complete for ERR9814183_2.fastq
Approx 75% complete for ERR9814183_2.fastq
Approx 80% complete for ERR9814183_2.fastq
Approx 85% complete for ERR9814183_2.fastq
Approx 90% complete for ERR9814183_2.fastq
Approx 95% complete for ERR9814183_2.fastq
Analysis complete for ERR9814183_2.fastq
null
Started analysis of ERR9814184_1.fastq
Approx 5% complete for ERR9814184_1.fastq
Approx 10% complete for ERR9814184_1.fastq
Approx 15% complete for ERR9814184_1.fastq
Approx 20% complete for ERR9814184_1.fastq
Approx 25% complete for ERR9814184_1.fastq
Approx 30% complete for ERR9814184_1.fastq
Approx 35% complete for ERR9814184_1.fastq
Approx 40% complete for ERR9814184_1.fastq
Approx 45% complete for ERR9814184_1.fastq
Approx 50% complete for ERR9814184_1.fastq
Approx 55% complete for ERR9814184_1.fastq
Approx 60% complete for ERR9814184_1.fastq
Approx 65% complete for ERR9814184_1.fastq
Approx 70% complete for ERR9814184_1.fastq
Approx 75% complete for ERR9814184_1.fastq
Approx 80% complete for ERR9814184_1.fastq
Approx 85% complete for ERR9814184_1.fastq
Approx 90% complete for ERR9814184_1.fastq
Approx 95% complete for ERR9814184_1.fastq
Analysis complete for ERR9814184_1.fastq
null
Started analysis of ERR9814184_2.fastq
Approx 5% complete for ERR9814184_2.fastq
Approx 10% complete for ERR9814184_2.fastq
Approx 15% complete for ERR9814184_2.fastq
Approx 20% complete for ERR9814184_2.fastq
Approx 25% complete for ERR9814184_2.fastq
Approx 30% complete for ERR9814184_2.fastq
Approx 35% complete for ERR9814184_2.fastq
Approx 40% complete for ERR9814184_2.fastq
Approx 45% complete for ERR9814184_2.fastq
Approx 50% complete for ERR9814184_2.fastq
Approx 55% complete for ERR9814184_2.fastq
Approx 60% complete for ERR9814184_2.fastq
Approx 65% complete for ERR9814184_2.fastq
Approx 70% complete for ERR9814184_2.fastq
Approx 75% complete for ERR9814184_2.fastq
Approx 80% complete for ERR9814184_2.fastq
Approx 85% complete for ERR9814184_2.fastq
Approx 90% complete for ERR9814184_2.fastq
Approx 95% complete for ERR9814184_2.fastq
Analysis complete for ERR9814184_2.fastq
null
Started analysis of ERR9814185_1.fastq
Approx 5% complete for ERR9814185_1.fastq
Approx 10% complete for ERR9814185_1.fastq
Approx 15% complete for ERR9814185_1.fastq
Approx 20% complete for ERR9814185_1.fastq
Approx 25% complete for ERR9814185_1.fastq
Approx 30% complete for ERR9814185_1.fastq
Approx 35% complete for ERR9814185_1.fastq
Approx 40% complete for ERR9814185_1.fastq
Approx 45% complete for ERR9814185_1.fastq
Approx 50% complete for ERR9814185_1.fastq
Approx 55% complete for ERR9814185_1.fastq
Approx 60% complete for ERR9814185_1.fastq
Approx 65% complete for ERR9814185_1.fastq
Approx 70% complete for ERR9814185_1.fastq
Approx 75% complete for ERR9814185_1.fastq
Approx 80% complete for ERR9814185_1.fastq
Approx 85% complete for ERR9814185_1.fastq
Approx 90% complete for ERR9814185_1.fastq
Approx 95% complete for ERR9814185_1.fastq
Analysis complete for ERR9814185_1.fastq
null
Started analysis of ERR9814185_2.fastq
Approx 5% complete for ERR9814185_2.fastq
Approx 10% complete for ERR9814185_2.fastq
Approx 15% complete for ERR9814185_2.fastq
Approx 20% complete for ERR9814185_2.fastq
Approx 25% complete for ERR9814185_2.fastq
Approx 30% complete for ERR9814185_2.fastq
Approx 35% complete for ERR9814185_2.fastq
Approx 40% complete for ERR9814185_2.fastq
Approx 45% complete for ERR9814185_2.fastq
Approx 50% complete for ERR9814185_2.fastq
Approx 55% complete for ERR9814185_2.fastq
Approx 60% complete for ERR9814185_2.fastq
Approx 65% complete for ERR9814185_2.fastq
Approx 70% complete for ERR9814185_2.fastq
Approx 75% complete for ERR9814185_2.fastq
Approx 80% complete for ERR9814185_2.fastq
Approx 85% complete for ERR9814185_2.fastq
Approx 90% complete for ERR9814185_2.fastq
Approx 95% complete for ERR9814185_2.fastq
Analysis complete for ERR9814185_2.fastq
null
Started analysis of ERR9814186_1.fastq
Approx 5% complete for ERR9814186_1.fastq
Approx 10% complete for ERR9814186_1.fastq
Approx 15% complete for ERR9814186_1.fastq
Approx 20% complete for ERR9814186_1.fastq
Approx 25% complete for ERR9814186_1.fastq
Approx 30% complete for ERR9814186_1.fastq
Approx 35% complete for ERR9814186_1.fastq
Approx 40% complete for ERR9814186_1.fastq
Approx 45% complete for ERR9814186_1.fastq
Approx 50% complete for ERR9814186_1.fastq
Approx 55% complete for ERR9814186_1.fastq
Approx 60% complete for ERR9814186_1.fastq
Approx 65% complete for ERR9814186_1.fastq
Approx 70% complete for ERR9814186_1.fastq
Approx 75% complete for ERR9814186_1.fastq
Approx 80% complete for ERR9814186_1.fastq
Approx 85% complete for ERR9814186_1.fastq
Approx 90% complete for ERR9814186_1.fastq
Approx 95% complete for ERR9814186_1.fastq
Analysis complete for ERR9814186_1.fastq
null
Started analysis of ERR9814186_2.fastq
Approx 5% complete for ERR9814186_2.fastq
Approx 10% complete for ERR9814186_2.fastq
Approx 15% complete for ERR9814186_2.fastq
Approx 20% complete for ERR9814186_2.fastq
Approx 25% complete for ERR9814186_2.fastq
Approx 30% complete for ERR9814186_2.fastq
Approx 35% complete for ERR9814186_2.fastq
Approx 40% complete for ERR9814186_2.fastq
Approx 45% complete for ERR9814186_2.fastq
Approx 50% complete for ERR9814186_2.fastq
Approx 55% complete for ERR9814186_2.fastq
Approx 60% complete for ERR9814186_2.fastq
Approx 65% complete for ERR9814186_2.fastq
Approx 70% complete for ERR9814186_2.fastq
Approx 75% complete for ERR9814186_2.fastq
Approx 80% complete for ERR9814186_2.fastq
Approx 85% complete for ERR9814186_2.fastq
Approx 90% complete for ERR9814186_2.fastq
Approx 95% complete for ERR9814186_2.fastq
Analysis complete for ERR9814186_2.fastq
                                                                                
 /// MultiQC  | v1.19                                                         
                                                                                
 Usage: multiqc [OPTIONS] [ANALYSIS DIRECTORY]                                  
                                                                                
 This is MultiQC v1.19                                                          
 For more help, run 'multiqc --help' or visit http://multiqc.info               
 Error 
 Invalid value for '[ANALYSIS DIRECTORY]': Path                               
 '/tscc/nfs/home/lfreund/ps-hsulab/data/ABS_Project/ABS_MGMs/ABS_Revisions_3. 
 3.25/ABS_MGMs' does not exist.                                               

                                                                                
